<?xml version="1.0" encoding="UTF-8"?>
<testng-results skipped="0" failed="1" ignored="4" total="23" passed="18">
  <reporter-output>
  </reporter-output>
  <suite name="Suite" duration-ms="456171" started-at="2020-06-29T09:15:07Z" finished-at="2020-06-29T09:22:43Z">
    <groups>
    </groups>
    <test name="Testclasess" duration-ms="456171" started-at="2020-06-29T09:15:07Z" finished-at="2020-06-29T09:22:43Z">
      <class name="com.amc.Testclasess.execute.MP_campaignData">
        <test-method status="PASS" signature="CampaginIntigrationFromWOPtoMP()[pri:0, instance:com.amc.Testclasess.execute.MP_campaignData@2cca4a87]" name="CampaginIntigrationFromWOPtoMP" duration-ms="52375" started-at="2020-06-29T09:19:47Z" finished-at="2020-06-29T09:20:39Z">
          <reporter-output>
          </reporter-output>
        </test-method> <!-- CampaginIntigrationFromWOPtoMP -->
      </class> <!-- com.amc.Testclasess.execute.MP_campaignData -->
      <class name="com.amc.Testclasess.execute.CampaignDataValidations">
        <test-method status="PASS" signature="validateCampaignTitleTest()[pri:1, instance:com.amc.Testclasess.execute.CampaignDataValidations@23180ee3]" name="validateCampaignTitleTest" duration-ms="13" started-at="2020-06-29T09:20:39Z" finished-at="2020-06-29T09:20:39Z">
          <reporter-output>
          </reporter-output>
        </test-method> <!-- validateCampaignTitleTest -->
        <test-method status="PASS" signature="validateCampaignOwnerTest()[pri:2, instance:com.amc.Testclasess.execute.CampaignDataValidations@23180ee3]" name="validateCampaignOwnerTest" duration-ms="2" started-at="2020-06-29T09:20:39Z" finished-at="2020-06-29T09:20:39Z">
          <reporter-output>
          </reporter-output>
        </test-method> <!-- validateCampaignOwnerTest -->
        <test-method status="PASS" signature="validateOwnerNetworkTest()[pri:3, instance:com.amc.Testclasess.execute.CampaignDataValidations@23180ee3]" name="validateOwnerNetworkTest" duration-ms="4" started-at="2020-06-29T09:20:39Z" finished-at="2020-06-29T09:20:39Z">
          <reporter-output>
          </reporter-output>
        </test-method> <!-- validateOwnerNetworkTest -->
      </class> <!-- com.amc.Testclasess.execute.CampaignDataValidations -->
      <class name="com.amc.Testclasess.execute.WOP_TrailerCampaign">
        <test-method status="PASS" signature="beforeTest()[pri:0, instance:com.amc.Testclasess.execute.WOP_TrailerCampaign@16d9c898]" name="beforeTest" is-config="true" duration-ms="2009" started-at="2020-06-29T09:15:07Z" finished-at="2020-06-29T09:15:09Z">
          <reporter-output>
          </reporter-output>
        </test-method> <!-- beforeTest -->
        <test-method status="PASS" signature="wopTrailerCampaignTest()[pri:0, instance:com.amc.Testclasess.execute.WOP_TrailerCampaign@16d9c898]" name="wopTrailerCampaignTest" duration-ms="277305" started-at="2020-06-29T09:15:09Z" finished-at="2020-06-29T09:19:47Z">
          <reporter-output>
          </reporter-output>
        </test-method> <!-- wopTrailerCampaignTest -->
      </class> <!-- com.amc.Testclasess.execute.WOP_TrailerCampaign -->
      <class name="com.amc.Testclasess.execute.TrailerDataValidations">
        <test-method status="PASS" signature="validateTitleTest()[pri:10, instance:com.amc.Testclasess.execute.TrailerDataValidations@48ac2da4]" name="validateTitleTest" duration-ms="7" started-at="2020-06-29T09:22:43Z" finished-at="2020-06-29T09:22:43Z">
          <reporter-output>
          </reporter-output>
        </test-method> <!-- validateTitleTest -->
        <test-method status="PASS" signature="validateStartDateTest()[pri:11, instance:com.amc.Testclasess.execute.TrailerDataValidations@48ac2da4]" name="validateStartDateTest" duration-ms="2" started-at="2020-06-29T09:22:43Z" finished-at="2020-06-29T09:22:43Z">
          <reporter-output>
          </reporter-output>
        </test-method> <!-- validateStartDateTest -->
        <test-method status="FAIL" signature="validateEndDateTest()[pri:12, instance:com.amc.Testclasess.execute.TrailerDataValidations@48ac2da4]" name="validateEndDateTest" duration-ms="17" started-at="2020-06-29T09:22:43Z" finished-at="2020-06-29T09:22:43Z">
          <exception class="java.lang.AssertionError">
            <message>
              <![CDATA[The following asserts failed:
TrailerEndDate:07-06-2020 --- Not Matched with --- [Title:M1_Trailer Test_1, TrailerStartDate:06-06-2020, TrailerEndDate:06-07-2020, OwnerNetwork:AMC, ExpectedTRT:00:02:30, ExpectedFrameRate:29.97fps, ExpectedVideoCodec:DNx HD (SMPTE VC-3), ExpectedAspectRatio:1.78, ExpectedFormat:HD]]]>
            </message>
            <full-stacktrace>
              <![CDATA[java.lang.AssertionError: The following asserts failed:
TrailerEndDate:07-06-2020 --- Not Matched with --- [Title:M1_Trailer Test_1, TrailerStartDate:06-06-2020, TrailerEndDate:06-07-2020, OwnerNetwork:AMC, ExpectedTRT:00:02:30, ExpectedFrameRate:29.97fps, ExpectedVideoCodec:DNx HD (SMPTE VC-3), ExpectedAspectRatio:1.78, ExpectedFormat:HD]
at org.testng.asserts.SoftAssert.assertAll(SoftAssert.java:43)
at com.amc.txrepo.WOP_MPTrailerDataValidations.TrailerFieldscomparison(WOP_MPTrailerDataValidations.java:84)
at com.amc.Testclasess.execute.TrailerDataValidations.validateEndDateTest(TrailerDataValidations.java:79)
at sun.reflect.NativeMethodAccessorImpl.invoke0(Native Method)
at sun.reflect.NativeMethodAccessorImpl.invoke(NativeMethodAccessorImpl.java:62)
at sun.reflect.DelegatingMethodAccessorImpl.invoke(DelegatingMethodAccessorImpl.java:43)
at java.lang.reflect.Method.invoke(Method.java:498)
at org.testng.internal.MethodInvocationHelper.invokeMethod(MethodInvocationHelper.java:124)
at org.testng.internal.Invoker.invokeMethod(Invoker.java:583)
at org.testng.internal.Invoker.invokeTestMethod(Invoker.java:719)
at org.testng.internal.Invoker.invokeTestMethods(Invoker.java:989)
at org.testng.internal.TestMethodWorker.invokeTestMethods(TestMethodWorker.java:125)
at org.testng.internal.TestMethodWorker.run(TestMethodWorker.java:109)
at org.testng.TestRunner.privateRun(TestRunner.java:648)
at org.testng.TestRunner.run(TestRunner.java:505)
at org.testng.SuiteRunner.runTest(SuiteRunner.java:455)
at org.testng.SuiteRunner.runSequentially(SuiteRunner.java:450)
at org.testng.SuiteRunner.privateRun(SuiteRunner.java:415)
at org.testng.SuiteRunner.run(SuiteRunner.java:364)
at org.testng.SuiteRunnerWorker.runSuite(SuiteRunnerWorker.java:52)
at org.testng.SuiteRunnerWorker.run(SuiteRunnerWorker.java:84)
at org.testng.TestNG.runSuitesSequentially(TestNG.java:1208)
at org.testng.TestNG.runSuitesLocally(TestNG.java:1137)
at org.testng.TestNG.runSuites(TestNG.java:1049)
at org.testng.TestNG.run(TestNG.java:1017)
at com.amc.testcases.DynamicTestNG.runTestNGTest(DynamicTestNG.java:87)
at com.amc.testcases.DynamicTestNG.ExecuteScripts(DynamicTestNG.java:97)
at sun.reflect.NativeMethodAccessorImpl.invoke0(Native Method)
at sun.reflect.NativeMethodAccessorImpl.invoke(NativeMethodAccessorImpl.java:62)
at sun.reflect.DelegatingMethodAccessorImpl.invoke(DelegatingMethodAccessorImpl.java:43)
at java.lang.reflect.Method.invoke(Method.java:498)
at org.testng.internal.MethodInvocationHelper.invokeMethod(MethodInvocationHelper.java:124)
at org.testng.internal.Invoker.invokeMethod(Invoker.java:583)
at org.testng.internal.Invoker.invokeTestMethod(Invoker.java:719)
at org.testng.internal.Invoker.invokeTestMethods(Invoker.java:989)
at org.testng.internal.TestMethodWorker.invokeTestMethods(TestMethodWorker.java:125)
at org.testng.internal.TestMethodWorker.run(TestMethodWorker.java:109)
at org.testng.TestRunner.privateRun(TestRunner.java:648)
at org.testng.TestRunner.run(TestRunner.java:505)
at org.testng.SuiteRunner.runTest(SuiteRunner.java:455)
at org.testng.SuiteRunner.runSequentially(SuiteRunner.java:450)
at org.testng.SuiteRunner.privateRun(SuiteRunner.java:415)
at org.testng.SuiteRunner.run(SuiteRunner.java:364)
at org.testng.SuiteRunnerWorker.runSuite(SuiteRunnerWorker.java:52)
at org.testng.SuiteRunnerWorker.run(SuiteRunnerWorker.java:84)
at org.testng.TestNG.runSuitesSequentially(TestNG.java:1208)
at org.testng.TestNG.runSuitesLocally(TestNG.java:1137)
at org.testng.TestNG.runSuites(TestNG.java:1049)
at org.testng.TestNG.run(TestNG.java:1017)
at org.apache.maven.surefire.testng.TestNGExecutor.run(TestNGExecutor.java:178)
at org.apache.maven.surefire.testng.TestNGXmlTestSuite.execute(TestNGXmlTestSuite.java:92)
at org.apache.maven.surefire.testng.TestNGProvider.invoke(TestNGProvider.java:96)
at sun.reflect.NativeMethodAccessorImpl.invoke0(Native Method)
at sun.reflect.NativeMethodAccessorImpl.invoke(NativeMethodAccessorImpl.java:62)
at sun.reflect.DelegatingMethodAccessorImpl.invoke(DelegatingMethodAccessorImpl.java:43)
at java.lang.reflect.Method.invoke(Method.java:498)
at org.apache.maven.surefire.util.ReflectionUtils.invokeMethodWithArray2(ReflectionUtils.java:208)
at org.apache.maven.surefire.booter.ProviderFactory$ProviderProxy.invoke(ProviderFactory.java:159)
at org.apache.maven.surefire.booter.ProviderFactory.invokeProvider(ProviderFactory.java:87)
at org.apache.maven.surefire.booter.ForkedBooter.runSuitesInProcess(ForkedBooter.java:153)
at org.apache.maven.surefire.booter.ForkedBooter.main(ForkedBooter.java:95)
]]>
            </full-stacktrace>
          </exception> <!-- java.lang.AssertionError -->
          <reporter-output>
          </reporter-output>
        </test-method> <!-- validateEndDateTest -->
        <test-method status="PASS" signature="validateOwnerNetworkTest()[pri:13, instance:com.amc.Testclasess.execute.TrailerDataValidations@48ac2da4]" name="validateOwnerNetworkTest" duration-ms="3" started-at="2020-06-29T09:22:43Z" finished-at="2020-06-29T09:22:43Z">
          <reporter-output>
          </reporter-output>
        </test-method> <!-- validateOwnerNetworkTest -->
        <test-method status="PASS" signature="validateExpectedFrameRateTest()[pri:14, instance:com.amc.Testclasess.execute.TrailerDataValidations@48ac2da4]" name="validateExpectedFrameRateTest" duration-ms="1" started-at="2020-06-29T09:22:43Z" finished-at="2020-06-29T09:22:43Z">
          <reporter-output>
          </reporter-output>
        </test-method> <!-- validateExpectedFrameRateTest -->
        <test-method status="PASS" signature="validateExpectedVideoCodecTest()[pri:15, instance:com.amc.Testclasess.execute.TrailerDataValidations@48ac2da4]" name="validateExpectedVideoCodecTest" duration-ms="2" started-at="2020-06-29T09:22:43Z" finished-at="2020-06-29T09:22:43Z">
          <reporter-output>
          </reporter-output>
        </test-method> <!-- validateExpectedVideoCodecTest -->
        <test-method status="PASS" signature="validateExpectedAspectRatioTest()[pri:16, instance:com.amc.Testclasess.execute.TrailerDataValidations@48ac2da4]" name="validateExpectedAspectRatioTest" duration-ms="1" started-at="2020-06-29T09:22:43Z" finished-at="2020-06-29T09:22:43Z">
          <reporter-output>
          </reporter-output>
        </test-method> <!-- validateExpectedAspectRatioTest -->
        <test-method status="PASS" signature="validateExpectedFormatTest()[pri:17, instance:com.amc.Testclasess.execute.TrailerDataValidations@48ac2da4]" name="validateExpectedFormatTest" duration-ms="1" started-at="2020-06-29T09:22:43Z" finished-at="2020-06-29T09:22:43Z">
          <reporter-output>
          </reporter-output>
        </test-method> <!-- validateExpectedFormatTest -->
      </class> <!-- com.amc.Testclasess.execute.TrailerDataValidations -->
      <class name="com.amc.Testclasess.execute.MasterTrailerDataValidations">
        <test-method status="PASS" signature="MasterTrailerAndTrailerDataSelectionTest()[pri:4, instance:com.amc.Testclasess.execute.MasterTrailerDataValidations@10e9aa29]" name="MasterTrailerAndTrailerDataSelectionTest" duration-ms="124382" started-at="2020-06-29T09:20:39Z" finished-at="2020-06-29T09:22:43Z">
          <reporter-output>
          </reporter-output>
        </test-method> <!-- MasterTrailerAndTrailerDataSelectionTest -->
        <test-method status="PASS" signature="validateTitleTest()[pri:5, instance:com.amc.Testclasess.execute.MasterTrailerDataValidations@10e9aa29]" name="validateTitleTest" duration-ms="2" started-at="2020-06-29T09:22:43Z" finished-at="2020-06-29T09:22:43Z">
          <reporter-output>
          </reporter-output>
        </test-method> <!-- validateTitleTest -->
        <test-method status="PASS" signature="validateExpectedFrameRateTest()[pri:6, instance:com.amc.Testclasess.execute.MasterTrailerDataValidations@10e9aa29]" name="validateExpectedFrameRateTest" duration-ms="2" started-at="2020-06-29T09:22:43Z" finished-at="2020-06-29T09:22:43Z">
          <reporter-output>
          </reporter-output>
        </test-method> <!-- validateExpectedFrameRateTest -->
        <test-method status="PASS" signature="validateExpectedVideoCodecTest()[pri:7, instance:com.amc.Testclasess.execute.MasterTrailerDataValidations@10e9aa29]" name="validateExpectedVideoCodecTest" duration-ms="2" started-at="2020-06-29T09:22:43Z" finished-at="2020-06-29T09:22:43Z">
          <reporter-output>
          </reporter-output>
        </test-method> <!-- validateExpectedVideoCodecTest -->
        <test-method status="PASS" signature="validateExpectedAspectRatioTest()[pri:8, instance:com.amc.Testclasess.execute.MasterTrailerDataValidations@10e9aa29]" name="validateExpectedAspectRatioTest" duration-ms="2" started-at="2020-06-29T09:22:43Z" finished-at="2020-06-29T09:22:43Z">
          <reporter-output>
          </reporter-output>
        </test-method> <!-- validateExpectedAspectRatioTest -->
        <test-method status="PASS" signature="validateExpectedFormatTest()[pri:9, instance:com.amc.Testclasess.execute.MasterTrailerDataValidations@10e9aa29]" name="validateExpectedFormatTest" duration-ms="3" started-at="2020-06-29T09:22:43Z" finished-at="2020-06-29T09:22:43Z">
          <reporter-output>
          </reporter-output>
        </test-method> <!-- validateExpectedFormatTest -->
      </class> <!-- com.amc.Testclasess.execute.MasterTrailerDataValidations -->
    </test> <!-- Testclasess -->
  </suite> <!-- Suite -->
</testng-results>
