{
  "uid" : "46eaad7f145a2098",
  "name" : "validateEndDateTest",
  "title" : "End Date Field Validation",
  "time" : {
    "start" : 1593422563859,
    "stop" : 1593422563884,
    "duration" : 25
  },
  "summary" : {
    "attachments" : 0,
    "steps" : 0
  },
  "failure" : {
    "message" : "AssertionError: The following asserts failed:\n\tTrailerEndDate:07-06-2020 --- Not Matched with --- [Title:M1_Trailer Test_1, TrailerStartDate:06-06-2020, TrailerEndDate:06-07-2020, OwnerNetwork:AMC, ExpectedTRT:00:02:30, ExpectedFrameRate:29.97fps, ExpectedVideoCodec:DNx HD (SMPTE VC-3), ExpectedAspectRatio:1.78, ExpectedFormat:HD]",
    "stackTrace" : "java.lang.AssertionError: The following asserts failed:\n\tTrailerEndDate:07-06-2020 --- Not Matched with --- [Title:M1_Trailer Test_1, TrailerStartDate:06-06-2020, TrailerEndDate:06-07-2020, OwnerNetwork:AMC, ExpectedTRT:00:02:30, ExpectedFrameRate:29.97fps, ExpectedVideoCodec:DNx HD (SMPTE VC-3), ExpectedAspectRatio:1.78, ExpectedFormat:HD]\n\tat org.testng.asserts.SoftAssert.assertAll(SoftAssert.java:43)\n\tat com.amc.txrepo.WOP_MPTrailerDataValidations.TrailerFieldscomparison(WOP_MPTrailerDataValidations.java:84)\n\tat com.amc.Testclasess.execute.TrailerDataValidations.validateEndDateTest(TrailerDataValidations.java:79)\n\tat sun.reflect.NativeMethodAccessorImpl.invoke0(Native Method)\n\tat sun.reflect.NativeMethodAccessorImpl.invoke(NativeMethodAccessorImpl.java:62)\n\tat sun.reflect.DelegatingMethodAccessorImpl.invoke(DelegatingMethodAccessorImpl.java:43)\n\tat java.lang.reflect.Method.invoke(Method.java:498)\n\tat org.testng.internal.MethodInvocationHelper.invokeMethod(MethodInvocationHelper.java:124)\n\tat org.testng.internal.Invoker.invokeMethod(Invoker.java:583)\n\tat org.testng.internal.Invoker.invokeTestMethod(Invoker.java:719)\n\tat org.testng.internal.Invoker.invokeTestMethods(Invoker.java:989)\n\tat org.testng.internal.TestMethodWorker.invokeTestMethods(TestMethodWorker.java:125)\n\tat org.testng.internal.TestMethodWorker.run(TestMethodWorker.java:109)\n\tat org.testng.TestRunner.privateRun(TestRunner.java:648)\n\tat org.testng.TestRunner.run(TestRunner.java:505)\n\tat org.testng.SuiteRunner.runTest(SuiteRunner.java:455)\n\tat org.testng.SuiteRunner.runSequentially(SuiteRunner.java:450)\n\tat org.testng.SuiteRunner.privateRun(SuiteRunner.java:415)\n\tat org.testng.SuiteRunner.run(SuiteRunner.java:364)\n\tat org.testng.SuiteRunnerWorker.runSuite(SuiteRunnerWorker.java:52)\n\tat org.testng.SuiteRunnerWorker.run(SuiteRunnerWorker.java:84)\n\tat org.testng.TestNG.runSuitesSequentially(TestNG.java:1208)\n\tat org.testng.TestNG.runSuitesLocally(TestNG.java:1137)\n\tat org.testng.TestNG.runSuites(TestNG.java:1049)\n\tat org.testng.TestNG.run(TestNG.java:1017)\n\tat com.amc.testcases.DynamicTestNG.runTestNGTest(DynamicTestNG.java:87)\n\tat com.amc.testcases.DynamicTestNG.ExecuteScripts(DynamicTestNG.java:97)\n\tat sun.reflect.NativeMethodAccessorImpl.invoke0(Native Method)\n\tat sun.reflect.NativeMethodAccessorImpl.invoke(NativeMethodAccessorImpl.java:62)\n\tat sun.reflect.DelegatingMethodAccessorImpl.invoke(DelegatingMethodAccessorImpl.java:43)\n\tat java.lang.reflect.Method.invoke(Method.java:498)\n\tat org.testng.internal.MethodInvocationHelper.invokeMethod(MethodInvocationHelper.java:124)\n\tat org.testng.internal.Invoker.invokeMethod(Invoker.java:583)\n\tat org.testng.internal.Invoker.invokeTestMethod(Invoker.java:719)\n\tat org.testng.internal.Invoker.invokeTestMethods(Invoker.java:989)\n\tat org.testng.internal.TestMethodWorker.invokeTestMethods(TestMethodWorker.java:125)\n\tat org.testng.internal.TestMethodWorker.run(TestMethodWorker.java:109)\n\tat org.testng.TestRunner.privateRun(TestRunner.java:648)\n\tat org.testng.TestRunner.run(TestRunner.java:505)\n\tat org.testng.SuiteRunner.runTest(SuiteRunner.java:455)\n\tat org.testng.SuiteRunner.runSequentially(SuiteRunner.java:450)\n\tat org.testng.SuiteRunner.privateRun(SuiteRunner.java:415)\n\tat org.testng.SuiteRunner.run(SuiteRunner.java:364)\n\tat org.testng.SuiteRunnerWorker.runSuite(SuiteRunnerWorker.java:52)\n\tat org.testng.SuiteRunnerWorker.run(SuiteRunnerWorker.java:84)\n\tat org.testng.TestNG.runSuitesSequentially(TestNG.java:1208)\n\tat org.testng.TestNG.runSuitesLocally(TestNG.java:1137)\n\tat org.testng.TestNG.runSuites(TestNG.java:1049)\n\tat org.testng.TestNG.run(TestNG.java:1017)\n\tat org.apache.maven.surefire.testng.TestNGExecutor.run(TestNGExecutor.java:178)\n\tat org.apache.maven.surefire.testng.TestNGXmlTestSuite.execute(TestNGXmlTestSuite.java:92)\n\tat org.apache.maven.surefire.testng.TestNGProvider.invoke(TestNGProvider.java:96)\n\tat sun.reflect.NativeMethodAccessorImpl.invoke0(Native Method)\n\tat sun.reflect.NativeMethodAccessorImpl.invoke(NativeMethodAccessorImpl.java:62)\n\tat sun.reflect.DelegatingMethodAccessorImpl.invoke(DelegatingMethodAccessorImpl.java:43)\n\tat java.lang.reflect.Method.invoke(Method.java:498)\n\tat org.apache.maven.surefire.util.ReflectionUtils.invokeMethodWithArray2(ReflectionUtils.java:208)\n\tat org.apache.maven.surefire.booter.ProviderFactory$ProviderProxy.invoke(ProviderFactory.java:159)\n\tat org.apache.maven.surefire.booter.ProviderFactory.invokeProvider(ProviderFactory.java:87)\n\tat org.apache.maven.surefire.booter.ForkedBooter.runSuitesInProcess(ForkedBooter.java:153)\n\tat org.apache.maven.surefire.booter.ForkedBooter.main(ForkedBooter.java:95)\n"
  },
  "description" : null,
  "severity" : "NORMAL",
  "status" : "FAILED",
  "suite" : {
    "uid" : "d73468ae5fe45888",
    "name" : "Suite : Testclasess",
    "title" : "Suite : Testclasess"
  },
  "steps" : [ ],
  "attachments" : [ ],
  "issues" : [ ],
  "testIds" : [ ],
  "labels" : [ {
    "name" : "testSuite",
    "value" : "Suite"
  }, {
    "name" : "testGroup",
    "value" : "Testclasess"
  }, {
    "name" : "story",
    "value" : "WOP-MP Trailer Data"
  }, {
    "name" : "feature",
    "value" : "ShortForm_Regression"
  }, {
    "name" : "thread",
    "value" : "23784@MONO-HYD-LAP-41.main(1)"
  }, {
    "name" : "language",
    "value" : "JAVA"
  }, {
    "name" : "testClass",
    "value" : "com.amc.Testclasess.execute.TrailerDataValidations"
  }, {
    "name" : "testMethod",
    "value" : "validateEndDateTest"
  }, {
    "name" : "suite-name",
    "value" : "Suite : Testclasess"
  }, {
    "name" : "suite-title",
    "value" : "Suite : Testclasess"
  }, {
    "name" : "framework",
    "value" : "TestNG"
  }, {
    "name" : "host",
    "value" : "MONO-HYD-LAP-41"
  } ],
  "parameters" : [ ]
}