<html>
<head>
<title>TestNG:  Testclasess</title>
<link href="../testng.css" rel="stylesheet" type="text/css" />
<link href="../my-testng.css" rel="stylesheet" type="text/css" />

<style type="text/css">
.log { display: none;} 
.stack-trace { display: none;} 
</style>
<script type="text/javascript">
<!--
function flip(e) {
  current = e.style.display;
  if (current == 'block') {
    e.style.display = 'none';
    return 0;
  }
  else {
    e.style.display = 'block';
    return 1;
  }
}

function toggleBox(szDivId, elem, msg1, msg2)
{
  var res = -1;  if (document.getElementById) {
    res = flip(document.getElementById(szDivId));
  }
  else if (document.all) {
    // this is the way old msie versions work
    res = flip(document.all[szDivId]);
  }
  if(elem) {
    if(res == 0) elem.innerHTML = msg1; else elem.innerHTML = msg2;
  }

}

function toggleAllBoxes() {
  if (document.getElementsByTagName) {
    d = document.getElementsByTagName('div');
    for (i = 0; i < d.length; i++) {
      if (d[i].className == 'log') {
        flip(d[i]);
      }
    }
  }
}

// -->
</script>

</head>
<body>
<h2 align='center'>Testclasess</h2><table border='1' align="center">
<tr>
<td>Tests passed/Failed/Skipped:</td><td>1/7/0</td>
</tr><tr>
<td>Started on:</td><td>Mon Apr 13 13:11:54 EDT 2020</td>
</tr>
<tr><td>Total time:</td><td>153 seconds (153312 ms)</td>
</tr><tr>
<td>Included groups:</td><td></td>
</tr><tr>
<td>Excluded groups:</td><td></td>
</tr>
</table><p/>
<small><i>(Hover the method name to see the test class name)</i></small><p/>
<table width='100%' border='1' class='invocation-failed'>
<tr><td colspan='4' align='center'><b>FAILED TESTS</b></td></tr>
<tr><td><b>Test method</b></td>
<td width="30%"><b>Exception</b></td>
<td width="10%"><b>Time (seconds)</b></td>
<td><b>Instance</b></td>
</tr>
<tr>
<td title='com.amc.Testclasess.execute.MP_campaignData.CampaginIntigrationFromWOPtoMP()'><b>CampaginIntigrationFromWOPtoMP</b><br>Test class: com.amc.Testclasess.execute.MP_campaignData</td>
<td><div><pre>FindFailed: D:/CoreWorkStreamsTeam_B/Pictures/WopImages/ProjectManagement.PNG: (143x20) in S(0)[0,0 1366x768] E:Y, T:3.0
  Line 2782, in file Region.java

	at org.sikuli.script.Region.wait(Region.java:2782)
	at com.amc.txbase.TxBase.imageFindClick(TxBase.java:671)
	at com.amc.txrepo.MP_CampaignObjects.projectManagement(MP_CampaignObjects.java:35)
	at com.amc.Testclasess.execute.MP_campaignData.CampaginIntigrationFromWOPtoMP(MP_campaignData.java:40)
	at com.amc.testcases.DynamicTestNG.runTestNGTest(DynamicTestNG.java:87)
	at com.amc.testcases.DynamicTestNG.ExecuteScripts(DynamicTestNG.java:97)
... Removed 50 stack frames</pre></div><a href='#' onClick='toggleBox("stack-trace722544215", this, "Click to show all stack frames", "Click to hide stack frames")'>Click to show all stack frames</a>
<div class='stack-trace' id='stack-trace722544215'><pre>FindFailed: D:/CoreWorkStreamsTeam_B/Pictures/WopImages/ProjectManagement.PNG: (143x20) in S(0)[0,0 1366x768] E:Y, T:3.0
  Line 2782, in file Region.java

	at org.sikuli.script.Region.wait(Region.java:2782)
	at com.amc.txbase.TxBase.imageFindClick(TxBase.java:671)
	at com.amc.txrepo.MP_CampaignObjects.projectManagement(MP_CampaignObjects.java:35)
	at com.amc.Testclasess.execute.MP_campaignData.CampaginIntigrationFromWOPtoMP(MP_campaignData.java:40)
	at sun.reflect.NativeMethodAccessorImpl.invoke0(Native Method)
	at sun.reflect.NativeMethodAccessorImpl.invoke(NativeMethodAccessorImpl.java:62)
	at sun.reflect.DelegatingMethodAccessorImpl.invoke(DelegatingMethodAccessorImpl.java:43)
	at java.lang.reflect.Method.invoke(Method.java:498)
	at org.testng.internal.MethodInvocationHelper.invokeMethod(MethodInvocationHelper.java:124)
	at org.testng.internal.Invoker.invokeMethod(Invoker.java:583)
	at org.testng.internal.Invoker.invokeTestMethod(Invoker.java:719)
	at org.testng.internal.Invoker.invokeTestMethods(Invoker.java:989)
	at org.testng.internal.TestMethodWorker.invokeTestMethods(TestMethodWorker.java:125)
	at org.testng.internal.TestMethodWorker.run(TestMethodWorker.java:109)
	at org.testng.TestRunner.privateRun(TestRunner.java:648)
	at org.testng.TestRunner.run(TestRunner.java:505)
	at org.testng.SuiteRunner.runTest(SuiteRunner.java:455)
	at org.testng.SuiteRunner.runSequentially(SuiteRunner.java:450)
	at org.testng.SuiteRunner.privateRun(SuiteRunner.java:415)
	at org.testng.SuiteRunner.run(SuiteRunner.java:364)
	at org.testng.SuiteRunnerWorker.runSuite(SuiteRunnerWorker.java:52)
	at org.testng.SuiteRunnerWorker.run(SuiteRunnerWorker.java:84)
	at org.testng.TestNG.runSuitesSequentially(TestNG.java:1208)
	at org.testng.TestNG.runSuitesLocally(TestNG.java:1137)
	at org.testng.TestNG.runSuites(TestNG.java:1049)
	at org.testng.TestNG.run(TestNG.java:1017)
	at com.amc.testcases.DynamicTestNG.runTestNGTest(DynamicTestNG.java:87)
	at com.amc.testcases.DynamicTestNG.ExecuteScripts(DynamicTestNG.java:97)
	at sun.reflect.NativeMethodAccessorImpl.invoke0(Native Method)
	at sun.reflect.NativeMethodAccessorImpl.invoke(NativeMethodAccessorImpl.java:62)
	at sun.reflect.DelegatingMethodAccessorImpl.invoke(DelegatingMethodAccessorImpl.java:43)
	at java.lang.reflect.Method.invoke(Method.java:498)
	at org.testng.internal.MethodInvocationHelper.invokeMethod(MethodInvocationHelper.java:124)
	at org.testng.internal.Invoker.invokeMethod(Invoker.java:583)
	at org.testng.internal.Invoker.invokeTestMethod(Invoker.java:719)
	at org.testng.internal.Invoker.invokeTestMethods(Invoker.java:989)
	at org.testng.internal.TestMethodWorker.invokeTestMethods(TestMethodWorker.java:125)
	at org.testng.internal.TestMethodWorker.run(TestMethodWorker.java:109)
	at org.testng.TestRunner.privateRun(TestRunner.java:648)
	at org.testng.TestRunner.run(TestRunner.java:505)
	at org.testng.SuiteRunner.runTest(SuiteRunner.java:455)
	at org.testng.SuiteRunner.runSequentially(SuiteRunner.java:450)
	at org.testng.SuiteRunner.privateRun(SuiteRunner.java:415)
	at org.testng.SuiteRunner.run(SuiteRunner.java:364)
	at org.testng.SuiteRunnerWorker.runSuite(SuiteRunnerWorker.java:52)
	at org.testng.SuiteRunnerWorker.run(SuiteRunnerWorker.java:84)
	at org.testng.TestNG.runSuitesSequentially(TestNG.java:1208)
	at org.testng.TestNG.runSuitesLocally(TestNG.java:1137)
	at org.testng.TestNG.runSuites(TestNG.java:1049)
	at org.testng.TestNG.run(TestNG.java:1017)
	at org.apache.maven.surefire.testng.TestNGExecutor.run(TestNGExecutor.java:281)
	at org.apache.maven.surefire.testng.TestNGXmlTestSuite.execute(TestNGXmlTestSuite.java:75)
	at org.apache.maven.surefire.testng.TestNGProvider.invoke(TestNGProvider.java:121)
	at org.apache.maven.surefire.booter.ForkedBooter.invokeProviderInSameClassLoader(ForkedBooter.java:290)
	at org.apache.maven.surefire.booter.ForkedBooter.runSuitesInProcess(ForkedBooter.java:242)
	at org.apache.maven.surefire.booter.ForkedBooter.main(ForkedBooter.java:121)
</pre></div></td>
<td>9</td>
<td>com.amc.Testclasess.execute.MP_campaignData@53b52f30</td></tr>
<tr>
<td title='com.amc.Testclasess.execute.CampaignDataValidations.CampaignDataComparion()'><b>CampaignDataComparion</b><br>Test class: com.amc.Testclasess.execute.CampaignDataValidations</td>
<td><div><pre>FindFailed: D:/CoreWorkStreamsTeam_B/Pictures/WopImages/CampaignDataNetwork.PNG: (188x26) in S(0)[0,0 1366x768] E:Y, T:3.0
  Line 2782, in file Region.java

	at org.sikuli.script.Region.wait(Region.java:2782)
	at com.amc.txbase.TxBase.imagecopyText(TxBase.java:640)
	at com.amc.txrepo.WOPtoMP_CampaignDataValidation.campaignDataSelection(WOPtoMP_CampaignDataValidation.java:26)
	at com.amc.Testclasess.execute.CampaignDataValidations.CampaignDataComparion(CampaignDataValidations.java:38)
	at com.amc.testcases.DynamicTestNG.runTestNGTest(DynamicTestNG.java:87)
	at com.amc.testcases.DynamicTestNG.ExecuteScripts(DynamicTestNG.java:97)
... Removed 50 stack frames</pre></div><a href='#' onClick='toggleBox("stack-trace1786022048", this, "Click to show all stack frames", "Click to hide stack frames")'>Click to show all stack frames</a>
<div class='stack-trace' id='stack-trace1786022048'><pre>FindFailed: D:/CoreWorkStreamsTeam_B/Pictures/WopImages/CampaignDataNetwork.PNG: (188x26) in S(0)[0,0 1366x768] E:Y, T:3.0
  Line 2782, in file Region.java

	at org.sikuli.script.Region.wait(Region.java:2782)
	at com.amc.txbase.TxBase.imagecopyText(TxBase.java:640)
	at com.amc.txrepo.WOPtoMP_CampaignDataValidation.campaignDataSelection(WOPtoMP_CampaignDataValidation.java:26)
	at com.amc.Testclasess.execute.CampaignDataValidations.CampaignDataComparion(CampaignDataValidations.java:38)
	at sun.reflect.NativeMethodAccessorImpl.invoke0(Native Method)
	at sun.reflect.NativeMethodAccessorImpl.invoke(NativeMethodAccessorImpl.java:62)
	at sun.reflect.DelegatingMethodAccessorImpl.invoke(DelegatingMethodAccessorImpl.java:43)
	at java.lang.reflect.Method.invoke(Method.java:498)
	at org.testng.internal.MethodInvocationHelper.invokeMethod(MethodInvocationHelper.java:124)
	at org.testng.internal.Invoker.invokeMethod(Invoker.java:583)
	at org.testng.internal.Invoker.invokeTestMethod(Invoker.java:719)
	at org.testng.internal.Invoker.invokeTestMethods(Invoker.java:989)
	at org.testng.internal.TestMethodWorker.invokeTestMethods(TestMethodWorker.java:125)
	at org.testng.internal.TestMethodWorker.run(TestMethodWorker.java:109)
	at org.testng.TestRunner.privateRun(TestRunner.java:648)
	at org.testng.TestRunner.run(TestRunner.java:505)
	at org.testng.SuiteRunner.runTest(SuiteRunner.java:455)
	at org.testng.SuiteRunner.runSequentially(SuiteRunner.java:450)
	at org.testng.SuiteRunner.privateRun(SuiteRunner.java:415)
	at org.testng.SuiteRunner.run(SuiteRunner.java:364)
	at org.testng.SuiteRunnerWorker.runSuite(SuiteRunnerWorker.java:52)
	at org.testng.SuiteRunnerWorker.run(SuiteRunnerWorker.java:84)
	at org.testng.TestNG.runSuitesSequentially(TestNG.java:1208)
	at org.testng.TestNG.runSuitesLocally(TestNG.java:1137)
	at org.testng.TestNG.runSuites(TestNG.java:1049)
	at org.testng.TestNG.run(TestNG.java:1017)
	at com.amc.testcases.DynamicTestNG.runTestNGTest(DynamicTestNG.java:87)
	at com.amc.testcases.DynamicTestNG.ExecuteScripts(DynamicTestNG.java:97)
	at sun.reflect.NativeMethodAccessorImpl.invoke0(Native Method)
	at sun.reflect.NativeMethodAccessorImpl.invoke(NativeMethodAccessorImpl.java:62)
	at sun.reflect.DelegatingMethodAccessorImpl.invoke(DelegatingMethodAccessorImpl.java:43)
	at java.lang.reflect.Method.invoke(Method.java:498)
	at org.testng.internal.MethodInvocationHelper.invokeMethod(MethodInvocationHelper.java:124)
	at org.testng.internal.Invoker.invokeMethod(Invoker.java:583)
	at org.testng.internal.Invoker.invokeTestMethod(Invoker.java:719)
	at org.testng.internal.Invoker.invokeTestMethods(Invoker.java:989)
	at org.testng.internal.TestMethodWorker.invokeTestMethods(TestMethodWorker.java:125)
	at org.testng.internal.TestMethodWorker.run(TestMethodWorker.java:109)
	at org.testng.TestRunner.privateRun(TestRunner.java:648)
	at org.testng.TestRunner.run(TestRunner.java:505)
	at org.testng.SuiteRunner.runTest(SuiteRunner.java:455)
	at org.testng.SuiteRunner.runSequentially(SuiteRunner.java:450)
	at org.testng.SuiteRunner.privateRun(SuiteRunner.java:415)
	at org.testng.SuiteRunner.run(SuiteRunner.java:364)
	at org.testng.SuiteRunnerWorker.runSuite(SuiteRunnerWorker.java:52)
	at org.testng.SuiteRunnerWorker.run(SuiteRunnerWorker.java:84)
	at org.testng.TestNG.runSuitesSequentially(TestNG.java:1208)
	at org.testng.TestNG.runSuitesLocally(TestNG.java:1137)
	at org.testng.TestNG.runSuites(TestNG.java:1049)
	at org.testng.TestNG.run(TestNG.java:1017)
	at org.apache.maven.surefire.testng.TestNGExecutor.run(TestNGExecutor.java:281)
	at org.apache.maven.surefire.testng.TestNGXmlTestSuite.execute(TestNGXmlTestSuite.java:75)
	at org.apache.maven.surefire.testng.TestNGProvider.invoke(TestNGProvider.java:121)
	at org.apache.maven.surefire.booter.ForkedBooter.invokeProviderInSameClassLoader(ForkedBooter.java:290)
	at org.apache.maven.surefire.booter.ForkedBooter.runSuitesInProcess(ForkedBooter.java:242)
	at org.apache.maven.surefire.booter.ForkedBooter.main(ForkedBooter.java:121)
</pre></div></td>
<td>26</td>
<td>com.amc.Testclasess.execute.CampaignDataValidations@76f65a8b</td></tr>
<tr>
<td title='com.amc.Testclasess.execute.MasterTrailerDataValidations.MasterTrailerComparion()'><b>MasterTrailerComparion</b><br>Test class: com.amc.Testclasess.execute.MasterTrailerDataValidations</td>
<td><div><pre>FindFailed: D:/CoreWorkStreamsTeam_B/Pictures/WopImages/M1Trailer1CategoryD.PNG: (260x31) in S(0)[0,0 1366x768] E:Y, T:3.0
  Line 2782, in file Region.java

	at org.sikuli.script.Region.wait(Region.java:2782)
	at com.amc.txbase.TxBase.imagecopyText(TxBase.java:640)
	at com.amc.txrepo.WOP_MPMasterTrailerDataValidations.masterTrailer2DataSelection(WOP_MPMasterTrailerDataValidations.java:25)
	at com.amc.Testclasess.execute.MasterTrailerDataValidations.MasterTrailerComparion(MasterTrailerDataValidations.java:39)
	at com.amc.testcases.DynamicTestNG.runTestNGTest(DynamicTestNG.java:87)
	at com.amc.testcases.DynamicTestNG.ExecuteScripts(DynamicTestNG.java:97)
... Removed 50 stack frames</pre></div><a href='#' onClick='toggleBox("stack-trace1710542588", this, "Click to show all stack frames", "Click to hide stack frames")'>Click to show all stack frames</a>
<div class='stack-trace' id='stack-trace1710542588'><pre>FindFailed: D:/CoreWorkStreamsTeam_B/Pictures/WopImages/M1Trailer1CategoryD.PNG: (260x31) in S(0)[0,0 1366x768] E:Y, T:3.0
  Line 2782, in file Region.java

	at org.sikuli.script.Region.wait(Region.java:2782)
	at com.amc.txbase.TxBase.imagecopyText(TxBase.java:640)
	at com.amc.txrepo.WOP_MPMasterTrailerDataValidations.masterTrailer2DataSelection(WOP_MPMasterTrailerDataValidations.java:25)
	at com.amc.Testclasess.execute.MasterTrailerDataValidations.MasterTrailerComparion(MasterTrailerDataValidations.java:39)
	at sun.reflect.NativeMethodAccessorImpl.invoke0(Native Method)
	at sun.reflect.NativeMethodAccessorImpl.invoke(NativeMethodAccessorImpl.java:62)
	at sun.reflect.DelegatingMethodAccessorImpl.invoke(DelegatingMethodAccessorImpl.java:43)
	at java.lang.reflect.Method.invoke(Method.java:498)
	at org.testng.internal.MethodInvocationHelper.invokeMethod(MethodInvocationHelper.java:124)
	at org.testng.internal.Invoker.invokeMethod(Invoker.java:583)
	at org.testng.internal.Invoker.invokeTestMethod(Invoker.java:719)
	at org.testng.internal.Invoker.invokeTestMethods(Invoker.java:989)
	at org.testng.internal.TestMethodWorker.invokeTestMethods(TestMethodWorker.java:125)
	at org.testng.internal.TestMethodWorker.run(TestMethodWorker.java:109)
	at org.testng.TestRunner.privateRun(TestRunner.java:648)
	at org.testng.TestRunner.run(TestRunner.java:505)
	at org.testng.SuiteRunner.runTest(SuiteRunner.java:455)
	at org.testng.SuiteRunner.runSequentially(SuiteRunner.java:450)
	at org.testng.SuiteRunner.privateRun(SuiteRunner.java:415)
	at org.testng.SuiteRunner.run(SuiteRunner.java:364)
	at org.testng.SuiteRunnerWorker.runSuite(SuiteRunnerWorker.java:52)
	at org.testng.SuiteRunnerWorker.run(SuiteRunnerWorker.java:84)
	at org.testng.TestNG.runSuitesSequentially(TestNG.java:1208)
	at org.testng.TestNG.runSuitesLocally(TestNG.java:1137)
	at org.testng.TestNG.runSuites(TestNG.java:1049)
	at org.testng.TestNG.run(TestNG.java:1017)
	at com.amc.testcases.DynamicTestNG.runTestNGTest(DynamicTestNG.java:87)
	at com.amc.testcases.DynamicTestNG.ExecuteScripts(DynamicTestNG.java:97)
	at sun.reflect.NativeMethodAccessorImpl.invoke0(Native Method)
	at sun.reflect.NativeMethodAccessorImpl.invoke(NativeMethodAccessorImpl.java:62)
	at sun.reflect.DelegatingMethodAccessorImpl.invoke(DelegatingMethodAccessorImpl.java:43)
	at java.lang.reflect.Method.invoke(Method.java:498)
	at org.testng.internal.MethodInvocationHelper.invokeMethod(MethodInvocationHelper.java:124)
	at org.testng.internal.Invoker.invokeMethod(Invoker.java:583)
	at org.testng.internal.Invoker.invokeTestMethod(Invoker.java:719)
	at org.testng.internal.Invoker.invokeTestMethods(Invoker.java:989)
	at org.testng.internal.TestMethodWorker.invokeTestMethods(TestMethodWorker.java:125)
	at org.testng.internal.TestMethodWorker.run(TestMethodWorker.java:109)
	at org.testng.TestRunner.privateRun(TestRunner.java:648)
	at org.testng.TestRunner.run(TestRunner.java:505)
	at org.testng.SuiteRunner.runTest(SuiteRunner.java:455)
	at org.testng.SuiteRunner.runSequentially(SuiteRunner.java:450)
	at org.testng.SuiteRunner.privateRun(SuiteRunner.java:415)
	at org.testng.SuiteRunner.run(SuiteRunner.java:364)
	at org.testng.SuiteRunnerWorker.runSuite(SuiteRunnerWorker.java:52)
	at org.testng.SuiteRunnerWorker.run(SuiteRunnerWorker.java:84)
	at org.testng.TestNG.runSuitesSequentially(TestNG.java:1208)
	at org.testng.TestNG.runSuitesLocally(TestNG.java:1137)
	at org.testng.TestNG.runSuites(TestNG.java:1049)
	at org.testng.TestNG.run(TestNG.java:1017)
	at org.apache.maven.surefire.testng.TestNGExecutor.run(TestNGExecutor.java:281)
	at org.apache.maven.surefire.testng.TestNGXmlTestSuite.execute(TestNGXmlTestSuite.java:75)
	at org.apache.maven.surefire.testng.TestNGProvider.invoke(TestNGProvider.java:121)
	at org.apache.maven.surefire.booter.ForkedBooter.invokeProviderInSameClassLoader(ForkedBooter.java:290)
	at org.apache.maven.surefire.booter.ForkedBooter.runSuitesInProcess(ForkedBooter.java:242)
	at org.apache.maven.surefire.booter.ForkedBooter.main(ForkedBooter.java:121)
</pre></div></td>
<td>12</td>
<td>com.amc.Testclasess.execute.MasterTrailerDataValidations@34341b2a</td></tr>
<tr>
<td title='com.amc.Testclasess.execute.WOP_launchAndLogin.launch()'><b>launch</b><br>Test class: com.amc.Testclasess.execute.WOP_launchAndLogin</td>
<td><div><pre>FindFailed: D:/CoreWorkStreamsTeam_B/Pictures//WopImages//WopStartIcon.PNG: (55x53) in S(0)[0,0 1366x768] E:Y, T:3.0
  Line 2782, in file Region.java

	at org.sikuli.script.Region.wait(Region.java:2782)
	at com.amc.txbase.TxBase.imageClick(TxBase.java:472)
	at com.amc.txrepo.WOPObjets.reenterPassword(WOPObjets.java:174)
	at com.amc.Testclasess.execute.WOP_launchAndLogin.launch(WOP_launchAndLogin.java:29)
	at com.amc.testcases.DynamicTestNG.runTestNGTest(DynamicTestNG.java:87)
	at com.amc.testcases.DynamicTestNG.ExecuteScripts(DynamicTestNG.java:97)
... Removed 50 stack frames</pre></div><a href='#' onClick='toggleBox("stack-trace437258089", this, "Click to show all stack frames", "Click to hide stack frames")'>Click to show all stack frames</a>
<div class='stack-trace' id='stack-trace437258089'><pre>FindFailed: D:/CoreWorkStreamsTeam_B/Pictures//WopImages//WopStartIcon.PNG: (55x53) in S(0)[0,0 1366x768] E:Y, T:3.0
  Line 2782, in file Region.java

	at org.sikuli.script.Region.wait(Region.java:2782)
	at com.amc.txbase.TxBase.imageClick(TxBase.java:472)
	at com.amc.txrepo.WOPObjets.reenterPassword(WOPObjets.java:174)
	at com.amc.Testclasess.execute.WOP_launchAndLogin.launch(WOP_launchAndLogin.java:29)
	at sun.reflect.NativeMethodAccessorImpl.invoke0(Native Method)
	at sun.reflect.NativeMethodAccessorImpl.invoke(NativeMethodAccessorImpl.java:62)
	at sun.reflect.DelegatingMethodAccessorImpl.invoke(DelegatingMethodAccessorImpl.java:43)
	at java.lang.reflect.Method.invoke(Method.java:498)
	at org.testng.internal.MethodInvocationHelper.invokeMethod(MethodInvocationHelper.java:124)
	at org.testng.internal.Invoker.invokeMethod(Invoker.java:583)
	at org.testng.internal.Invoker.invokeTestMethod(Invoker.java:719)
	at org.testng.internal.Invoker.invokeTestMethods(Invoker.java:989)
	at org.testng.internal.TestMethodWorker.invokeTestMethods(TestMethodWorker.java:125)
	at org.testng.internal.TestMethodWorker.run(TestMethodWorker.java:109)
	at org.testng.TestRunner.privateRun(TestRunner.java:648)
	at org.testng.TestRunner.run(TestRunner.java:505)
	at org.testng.SuiteRunner.runTest(SuiteRunner.java:455)
	at org.testng.SuiteRunner.runSequentially(SuiteRunner.java:450)
	at org.testng.SuiteRunner.privateRun(SuiteRunner.java:415)
	at org.testng.SuiteRunner.run(SuiteRunner.java:364)
	at org.testng.SuiteRunnerWorker.runSuite(SuiteRunnerWorker.java:52)
	at org.testng.SuiteRunnerWorker.run(SuiteRunnerWorker.java:84)
	at org.testng.TestNG.runSuitesSequentially(TestNG.java:1208)
	at org.testng.TestNG.runSuitesLocally(TestNG.java:1137)
	at org.testng.TestNG.runSuites(TestNG.java:1049)
	at org.testng.TestNG.run(TestNG.java:1017)
	at com.amc.testcases.DynamicTestNG.runTestNGTest(DynamicTestNG.java:87)
	at com.amc.testcases.DynamicTestNG.ExecuteScripts(DynamicTestNG.java:97)
	at sun.reflect.NativeMethodAccessorImpl.invoke0(Native Method)
	at sun.reflect.NativeMethodAccessorImpl.invoke(NativeMethodAccessorImpl.java:62)
	at sun.reflect.DelegatingMethodAccessorImpl.invoke(DelegatingMethodAccessorImpl.java:43)
	at java.lang.reflect.Method.invoke(Method.java:498)
	at org.testng.internal.MethodInvocationHelper.invokeMethod(MethodInvocationHelper.java:124)
	at org.testng.internal.Invoker.invokeMethod(Invoker.java:583)
	at org.testng.internal.Invoker.invokeTestMethod(Invoker.java:719)
	at org.testng.internal.Invoker.invokeTestMethods(Invoker.java:989)
	at org.testng.internal.TestMethodWorker.invokeTestMethods(TestMethodWorker.java:125)
	at org.testng.internal.TestMethodWorker.run(TestMethodWorker.java:109)
	at org.testng.TestRunner.privateRun(TestRunner.java:648)
	at org.testng.TestRunner.run(TestRunner.java:505)
	at org.testng.SuiteRunner.runTest(SuiteRunner.java:455)
	at org.testng.SuiteRunner.runSequentially(SuiteRunner.java:450)
	at org.testng.SuiteRunner.privateRun(SuiteRunner.java:415)
	at org.testng.SuiteRunner.run(SuiteRunner.java:364)
	at org.testng.SuiteRunnerWorker.runSuite(SuiteRunnerWorker.java:52)
	at org.testng.SuiteRunnerWorker.run(SuiteRunnerWorker.java:84)
	at org.testng.TestNG.runSuitesSequentially(TestNG.java:1208)
	at org.testng.TestNG.runSuitesLocally(TestNG.java:1137)
	at org.testng.TestNG.runSuites(TestNG.java:1049)
	at org.testng.TestNG.run(TestNG.java:1017)
	at org.apache.maven.surefire.testng.TestNGExecutor.run(TestNGExecutor.java:281)
	at org.apache.maven.surefire.testng.TestNGXmlTestSuite.execute(TestNGXmlTestSuite.java:75)
	at org.apache.maven.surefire.testng.TestNGProvider.invoke(TestNGProvider.java:121)
	at org.apache.maven.surefire.booter.ForkedBooter.invokeProviderInSameClassLoader(ForkedBooter.java:290)
	at org.apache.maven.surefire.booter.ForkedBooter.runSuitesInProcess(ForkedBooter.java:242)
	at org.apache.maven.surefire.booter.ForkedBooter.main(ForkedBooter.java:121)
</pre></div></td>
<td>48</td>
<td>com.amc.Testclasess.execute.WOP_launchAndLogin@72c743f4</td></tr>
<tr>
<td title='com.amc.Testclasess.execute.MP_launchAndLogin.mpLaunchAndLoginTest()'><b>mpLaunchAndLoginTest</b><br>Test class: com.amc.Testclasess.execute.MP_launchAndLogin</td>
<td><div><pre>org.openqa.selenium.SessionNotCreatedException: session not created: This version of ChromeDriver only supports Chrome version 79
Build info: version: &apos;3.8.1&apos;, revision: &apos;6e95a6684b&apos;, time: &apos;2017-12-01T18:33:54.468Z&apos;
System info: host: &apos;AUTOQA01-AWSNP&apos;, ip: &apos;10.12.8.45&apos;, os.name: &apos;Windows Server 2016&apos;, os.arch: &apos;amd64&apos;, os.version: &apos;10.0&apos;, java.version: &apos;1.8.0_241&apos;
Driver info: driver.version: ChromeDriver
remote stacktrace: Backtrace:
	Ordinal0 [0x002FA113+1548563]
	Ordinal0 [0x0027DDA1+1039777]
	Ordinal0 [0x001FE485+517253]
	Ordinal0 [0x0018FD34+64820]
	Ordinal0 [0x0018C61E+50718]
	Ordinal0 [0x001AB797+178071]
	Ordinal0 [0x001AB59D+177565]
	Ordinal0 [0x001A95FB+169467]
	Ordinal0 [0x0019160A+71178]
	Ordinal0 [0x00192690+75408]
	Ordinal0 [0x00192629+75305]
	Ordinal0 [0x002971B7+1143223]
	GetHandleVerifier [0x00392B46+507814]
	GetHandleVerifier [0x00392864+507076]
	GetHandleVerifier [0x00399F47+537511]
	GetHandleVerifier [0x00393402+510050]
	Ordinal0 [0x0028F29C+1110684]
	Ordinal0 [0x0029938B+1151883]
	Ordinal0 [0x002994F3+1152243]
	Ordinal0 [0x002983F5+1147893]
	BaseThreadInitThunk [0x74F962C4+36]
	RtlSubscribeWnfStateChangeNotification [0x76F51E39+1081]
	RtlSubscribeWnfStateChangeNotification [0x76F51E04+1028]

	at org.openqa.selenium.remote.W3CHandshakeResponse.lambda$new$0(W3CHandshakeResponse.java:57)
	at org.openqa.selenium.remote.W3CHandshakeResponse.lambda$getResponseFunction$2(W3CHandshakeResponse.java:104)
	at org.openqa.selenium.remote.ProtocolHandshake.lambda$createSession$0(ProtocolHandshake.java:123)
	at java.util.stream.ReferencePipeline$3$1.accept(ReferencePipeline.java:193)
	at java.util.Spliterators$ArraySpliterator.tryAdvance(Spliterators.java:958)
	at java.util.stream.ReferencePipeline.forEachWithCancel(ReferencePipeline.java:126)
	at java.util.stream.AbstractPipeline.copyIntoWithCancel(AbstractPipeline.java:499)
	at java.util.stream.AbstractPipeline.copyInto(AbstractPipeline.java:486)
	at java.util.stream.AbstractPipeline.wrapAndCopyInto(AbstractPipeline.java:472)
	at java.util.stream.FindOps$FindOp.evaluateSequential(FindOps.java:152)
	at java.util.stream.AbstractPipeline.evaluate(AbstractPipeline.java:234)
	at java.util.stream.ReferencePipeline.findFirst(ReferencePipeline.java:464)
	at org.openqa.selenium.remote.ProtocolHandshake.createSession(ProtocolHandshake.java:126)
	at org.openqa.selenium.remote.ProtocolHandshake.createSession(ProtocolHandshake.java:73)
	at org.openqa.selenium.remote.HttpCommandExecutor.execute(HttpCommandExecutor.java:142)
	at org.openqa.selenium.remote.service.DriverCommandExecutor.execute(DriverCommandExecutor.java:83)
	at org.openqa.selenium.remote.RemoteWebDriver.execute(RemoteWebDriver.java:600)
	at org.openqa.selenium.remote.RemoteWebDriver.startSession(RemoteWebDriver.java:219)
	at org.openqa.selenium.remote.RemoteWebDriver.&lt;init&gt;(RemoteWebDriver.java:142)
	at org.openqa.selenium.chrome.ChromeDriver.&lt;init&gt;(ChromeDriver.java:181)
	at org.openqa.selenium.chrome.ChromeDriver.&lt;init&gt;(ChromeDriver.java:147)
	at com.amc.txbase.TxBase.launchProgram(TxBase.java:836)
	at com.amc.Testclasess.execute.MP_launchAndLogin.mpLaunchAndLoginTest(MP_launchAndLogin.java:29)
	at com.amc.testcases.DynamicTestNG.runTestNGTest(DynamicTestNG.java:87)
	at com.amc.testcases.DynamicTestNG.ExecuteScripts(DynamicTestNG.java:97)
... Removed 54 stack frames</pre></div><a href='#' onClick='toggleBox("stack-trace1150574999", this, "Click to show all stack frames", "Click to hide stack frames")'>Click to show all stack frames</a>
<div class='stack-trace' id='stack-trace1150574999'><pre>org.openqa.selenium.SessionNotCreatedException: session not created: This version of ChromeDriver only supports Chrome version 79
Build info: version: &apos;3.8.1&apos;, revision: &apos;6e95a6684b&apos;, time: &apos;2017-12-01T18:33:54.468Z&apos;
System info: host: &apos;AUTOQA01-AWSNP&apos;, ip: &apos;10.12.8.45&apos;, os.name: &apos;Windows Server 2016&apos;, os.arch: &apos;amd64&apos;, os.version: &apos;10.0&apos;, java.version: &apos;1.8.0_241&apos;
Driver info: driver.version: ChromeDriver
remote stacktrace: Backtrace:
	Ordinal0 [0x002FA113+1548563]
	Ordinal0 [0x0027DDA1+1039777]
	Ordinal0 [0x001FE485+517253]
	Ordinal0 [0x0018FD34+64820]
	Ordinal0 [0x0018C61E+50718]
	Ordinal0 [0x001AB797+178071]
	Ordinal0 [0x001AB59D+177565]
	Ordinal0 [0x001A95FB+169467]
	Ordinal0 [0x0019160A+71178]
	Ordinal0 [0x00192690+75408]
	Ordinal0 [0x00192629+75305]
	Ordinal0 [0x002971B7+1143223]
	GetHandleVerifier [0x00392B46+507814]
	GetHandleVerifier [0x00392864+507076]
	GetHandleVerifier [0x00399F47+537511]
	GetHandleVerifier [0x00393402+510050]
	Ordinal0 [0x0028F29C+1110684]
	Ordinal0 [0x0029938B+1151883]
	Ordinal0 [0x002994F3+1152243]
	Ordinal0 [0x002983F5+1147893]
	BaseThreadInitThunk [0x74F962C4+36]
	RtlSubscribeWnfStateChangeNotification [0x76F51E39+1081]
	RtlSubscribeWnfStateChangeNotification [0x76F51E04+1028]

	at sun.reflect.NativeConstructorAccessorImpl.newInstance0(Native Method)
	at sun.reflect.NativeConstructorAccessorImpl.newInstance(NativeConstructorAccessorImpl.java:62)
	at sun.reflect.DelegatingConstructorAccessorImpl.newInstance(DelegatingConstructorAccessorImpl.java:45)
	at java.lang.reflect.Constructor.newInstance(Constructor.java:423)
	at org.openqa.selenium.remote.W3CHandshakeResponse.lambda$new$0(W3CHandshakeResponse.java:57)
	at org.openqa.selenium.remote.W3CHandshakeResponse.lambda$getResponseFunction$2(W3CHandshakeResponse.java:104)
	at org.openqa.selenium.remote.ProtocolHandshake.lambda$createSession$0(ProtocolHandshake.java:123)
	at java.util.stream.ReferencePipeline$3$1.accept(ReferencePipeline.java:193)
	at java.util.Spliterators$ArraySpliterator.tryAdvance(Spliterators.java:958)
	at java.util.stream.ReferencePipeline.forEachWithCancel(ReferencePipeline.java:126)
	at java.util.stream.AbstractPipeline.copyIntoWithCancel(AbstractPipeline.java:499)
	at java.util.stream.AbstractPipeline.copyInto(AbstractPipeline.java:486)
	at java.util.stream.AbstractPipeline.wrapAndCopyInto(AbstractPipeline.java:472)
	at java.util.stream.FindOps$FindOp.evaluateSequential(FindOps.java:152)
	at java.util.stream.AbstractPipeline.evaluate(AbstractPipeline.java:234)
	at java.util.stream.ReferencePipeline.findFirst(ReferencePipeline.java:464)
	at org.openqa.selenium.remote.ProtocolHandshake.createSession(ProtocolHandshake.java:126)
	at org.openqa.selenium.remote.ProtocolHandshake.createSession(ProtocolHandshake.java:73)
	at org.openqa.selenium.remote.HttpCommandExecutor.execute(HttpCommandExecutor.java:142)
	at org.openqa.selenium.remote.service.DriverCommandExecutor.execute(DriverCommandExecutor.java:83)
	at org.openqa.selenium.remote.RemoteWebDriver.execute(RemoteWebDriver.java:600)
	at org.openqa.selenium.remote.RemoteWebDriver.startSession(RemoteWebDriver.java:219)
	at org.openqa.selenium.remote.RemoteWebDriver.&lt;init&gt;(RemoteWebDriver.java:142)
	at org.openqa.selenium.chrome.ChromeDriver.&lt;init&gt;(ChromeDriver.java:181)
	at org.openqa.selenium.chrome.ChromeDriver.&lt;init&gt;(ChromeDriver.java:147)
	at com.amc.txbase.TxBase.launchProgram(TxBase.java:836)
	at com.amc.Testclasess.execute.MP_launchAndLogin.mpLaunchAndLoginTest(MP_launchAndLogin.java:29)
	at sun.reflect.NativeMethodAccessorImpl.invoke0(Native Method)
	at sun.reflect.NativeMethodAccessorImpl.invoke(NativeMethodAccessorImpl.java:62)
	at sun.reflect.DelegatingMethodAccessorImpl.invoke(DelegatingMethodAccessorImpl.java:43)
	at java.lang.reflect.Method.invoke(Method.java:498)
	at org.testng.internal.MethodInvocationHelper.invokeMethod(MethodInvocationHelper.java:124)
	at org.testng.internal.Invoker.invokeMethod(Invoker.java:583)
	at org.testng.internal.Invoker.invokeTestMethod(Invoker.java:719)
	at org.testng.internal.Invoker.invokeTestMethods(Invoker.java:989)
	at org.testng.internal.TestMethodWorker.invokeTestMethods(TestMethodWorker.java:125)
	at org.testng.internal.TestMethodWorker.run(TestMethodWorker.java:109)
	at org.testng.TestRunner.privateRun(TestRunner.java:648)
	at org.testng.TestRunner.run(TestRunner.java:505)
	at org.testng.SuiteRunner.runTest(SuiteRunner.java:455)
	at org.testng.SuiteRunner.runSequentially(SuiteRunner.java:450)
	at org.testng.SuiteRunner.privateRun(SuiteRunner.java:415)
	at org.testng.SuiteRunner.run(SuiteRunner.java:364)
	at org.testng.SuiteRunnerWorker.runSuite(SuiteRunnerWorker.java:52)
	at org.testng.SuiteRunnerWorker.run(SuiteRunnerWorker.java:84)
	at org.testng.TestNG.runSuitesSequentially(TestNG.java:1208)
	at org.testng.TestNG.runSuitesLocally(TestNG.java:1137)
	at org.testng.TestNG.runSuites(TestNG.java:1049)
	at org.testng.TestNG.run(TestNG.java:1017)
	at com.amc.testcases.DynamicTestNG.runTestNGTest(DynamicTestNG.java:87)
	at com.amc.testcases.DynamicTestNG.ExecuteScripts(DynamicTestNG.java:97)
	at sun.reflect.NativeMethodAccessorImpl.invoke0(Native Method)
	at sun.reflect.NativeMethodAccessorImpl.invoke(NativeMethodAccessorImpl.java:62)
	at sun.reflect.DelegatingMethodAccessorImpl.invoke(DelegatingMethodAccessorImpl.java:43)
	at java.lang.reflect.Method.invoke(Method.java:498)
	at org.testng.internal.MethodInvocationHelper.invokeMethod(MethodInvocationHelper.java:124)
	at org.testng.internal.Invoker.invokeMethod(Invoker.java:583)
	at org.testng.internal.Invoker.invokeTestMethod(Invoker.java:719)
	at org.testng.internal.Invoker.invokeTestMethods(Invoker.java:989)
	at org.testng.internal.TestMethodWorker.invokeTestMethods(TestMethodWorker.java:125)
	at org.testng.internal.TestMethodWorker.run(TestMethodWorker.java:109)
	at org.testng.TestRunner.privateRun(TestRunner.java:648)
	at org.testng.TestRunner.run(TestRunner.java:505)
	at org.testng.SuiteRunner.runTest(SuiteRunner.java:455)
	at org.testng.SuiteRunner.runSequentially(SuiteRunner.java:450)
	at org.testng.SuiteRunner.privateRun(SuiteRunner.java:415)
	at org.testng.SuiteRunner.run(SuiteRunner.java:364)
	at org.testng.SuiteRunnerWorker.runSuite(SuiteRunnerWorker.java:52)
	at org.testng.SuiteRunnerWorker.run(SuiteRunnerWorker.java:84)
	at org.testng.TestNG.runSuitesSequentially(TestNG.java:1208)
	at org.testng.TestNG.runSuitesLocally(TestNG.java:1137)
	at org.testng.TestNG.runSuites(TestNG.java:1049)
	at org.testng.TestNG.run(TestNG.java:1017)
	at org.apache.maven.surefire.testng.TestNGExecutor.run(TestNGExecutor.java:281)
	at org.apache.maven.surefire.testng.TestNGXmlTestSuite.execute(TestNGXmlTestSuite.java:75)
	at org.apache.maven.surefire.testng.TestNGProvider.invoke(TestNGProvider.java:121)
	at org.apache.maven.surefire.booter.ForkedBooter.invokeProviderInSameClassLoader(ForkedBooter.java:290)
	at org.apache.maven.surefire.booter.ForkedBooter.runSuitesInProcess(ForkedBooter.java:242)
	at org.apache.maven.surefire.booter.ForkedBooter.main(ForkedBooter.java:121)
</pre></div></td>
<td>23</td>
<td>com.amc.Testclasess.execute.MP_launchAndLogin@2c7ddfa0</td></tr>
<tr>
<td title='com.amc.Testclasess.execute.TrailerDataValidations.trailerDataComparison()'><b>trailerDataComparison</b><br>Test class: com.amc.Testclasess.execute.TrailerDataValidations</td>
<td><div><pre>FindFailed: D:/CoreWorkStreamsTeam_B/Pictures/WopImages/TrailerTypeD.PNG: (271x34) in S(0)[0,0 1366x768] E:Y, T:3.0
  Line 2782, in file Region.java

	at org.sikuli.script.Region.wait(Region.java:2782)
	at com.amc.txbase.TxBase.imagecopyText(TxBase.java:640)
	at com.amc.txrepo.WOP_MPTrailerDataValidations.trailerDataSelection(WOP_MPTrailerDataValidations.java:25)
	at com.amc.Testclasess.execute.TrailerDataValidations.trailerDataComparison(TrailerDataValidations.java:41)
	at com.amc.testcases.DynamicTestNG.runTestNGTest(DynamicTestNG.java:87)
	at com.amc.testcases.DynamicTestNG.ExecuteScripts(DynamicTestNG.java:97)
... Removed 50 stack frames</pre></div><a href='#' onClick='toggleBox("stack-trace129214241", this, "Click to show all stack frames", "Click to hide stack frames")'>Click to show all stack frames</a>
<div class='stack-trace' id='stack-trace129214241'><pre>FindFailed: D:/CoreWorkStreamsTeam_B/Pictures/WopImages/TrailerTypeD.PNG: (271x34) in S(0)[0,0 1366x768] E:Y, T:3.0
  Line 2782, in file Region.java

	at org.sikuli.script.Region.wait(Region.java:2782)
	at com.amc.txbase.TxBase.imagecopyText(TxBase.java:640)
	at com.amc.txrepo.WOP_MPTrailerDataValidations.trailerDataSelection(WOP_MPTrailerDataValidations.java:25)
	at com.amc.Testclasess.execute.TrailerDataValidations.trailerDataComparison(TrailerDataValidations.java:41)
	at sun.reflect.NativeMethodAccessorImpl.invoke0(Native Method)
	at sun.reflect.NativeMethodAccessorImpl.invoke(NativeMethodAccessorImpl.java:62)
	at sun.reflect.DelegatingMethodAccessorImpl.invoke(DelegatingMethodAccessorImpl.java:43)
	at java.lang.reflect.Method.invoke(Method.java:498)
	at org.testng.internal.MethodInvocationHelper.invokeMethod(MethodInvocationHelper.java:124)
	at org.testng.internal.Invoker.invokeMethod(Invoker.java:583)
	at org.testng.internal.Invoker.invokeTestMethod(Invoker.java:719)
	at org.testng.internal.Invoker.invokeTestMethods(Invoker.java:989)
	at org.testng.internal.TestMethodWorker.invokeTestMethods(TestMethodWorker.java:125)
	at org.testng.internal.TestMethodWorker.run(TestMethodWorker.java:109)
	at org.testng.TestRunner.privateRun(TestRunner.java:648)
	at org.testng.TestRunner.run(TestRunner.java:505)
	at org.testng.SuiteRunner.runTest(SuiteRunner.java:455)
	at org.testng.SuiteRunner.runSequentially(SuiteRunner.java:450)
	at org.testng.SuiteRunner.privateRun(SuiteRunner.java:415)
	at org.testng.SuiteRunner.run(SuiteRunner.java:364)
	at org.testng.SuiteRunnerWorker.runSuite(SuiteRunnerWorker.java:52)
	at org.testng.SuiteRunnerWorker.run(SuiteRunnerWorker.java:84)
	at org.testng.TestNG.runSuitesSequentially(TestNG.java:1208)
	at org.testng.TestNG.runSuitesLocally(TestNG.java:1137)
	at org.testng.TestNG.runSuites(TestNG.java:1049)
	at org.testng.TestNG.run(TestNG.java:1017)
	at com.amc.testcases.DynamicTestNG.runTestNGTest(DynamicTestNG.java:87)
	at com.amc.testcases.DynamicTestNG.ExecuteScripts(DynamicTestNG.java:97)
	at sun.reflect.NativeMethodAccessorImpl.invoke0(Native Method)
	at sun.reflect.NativeMethodAccessorImpl.invoke(NativeMethodAccessorImpl.java:62)
	at sun.reflect.DelegatingMethodAccessorImpl.invoke(DelegatingMethodAccessorImpl.java:43)
	at java.lang.reflect.Method.invoke(Method.java:498)
	at org.testng.internal.MethodInvocationHelper.invokeMethod(MethodInvocationHelper.java:124)
	at org.testng.internal.Invoker.invokeMethod(Invoker.java:583)
	at org.testng.internal.Invoker.invokeTestMethod(Invoker.java:719)
	at org.testng.internal.Invoker.invokeTestMethods(Invoker.java:989)
	at org.testng.internal.TestMethodWorker.invokeTestMethods(TestMethodWorker.java:125)
	at org.testng.internal.TestMethodWorker.run(TestMethodWorker.java:109)
	at org.testng.TestRunner.privateRun(TestRunner.java:648)
	at org.testng.TestRunner.run(TestRunner.java:505)
	at org.testng.SuiteRunner.runTest(SuiteRunner.java:455)
	at org.testng.SuiteRunner.runSequentially(SuiteRunner.java:450)
	at org.testng.SuiteRunner.privateRun(SuiteRunner.java:415)
	at org.testng.SuiteRunner.run(SuiteRunner.java:364)
	at org.testng.SuiteRunnerWorker.runSuite(SuiteRunnerWorker.java:52)
	at org.testng.SuiteRunnerWorker.run(SuiteRunnerWorker.java:84)
	at org.testng.TestNG.runSuitesSequentially(TestNG.java:1208)
	at org.testng.TestNG.runSuitesLocally(TestNG.java:1137)
	at org.testng.TestNG.runSuites(TestNG.java:1049)
	at org.testng.TestNG.run(TestNG.java:1017)
	at org.apache.maven.surefire.testng.TestNGExecutor.run(TestNGExecutor.java:281)
	at org.apache.maven.surefire.testng.TestNGXmlTestSuite.execute(TestNGXmlTestSuite.java:75)
	at org.apache.maven.surefire.testng.TestNGProvider.invoke(TestNGProvider.java:121)
	at org.apache.maven.surefire.booter.ForkedBooter.invokeProviderInSameClassLoader(ForkedBooter.java:290)
	at org.apache.maven.surefire.booter.ForkedBooter.runSuitesInProcess(ForkedBooter.java:242)
	at org.apache.maven.surefire.booter.ForkedBooter.main(ForkedBooter.java:121)
</pre></div></td>
<td>12</td>
<td>com.amc.Testclasess.execute.TrailerDataValidations@4e826e33</td></tr>
<tr>
<td title='com.amc.Testclasess.execute.WOP_TrailerCampaign.wopTrailerCampaignTest()'><b>wopTrailerCampaignTest</b><br>Test class: com.amc.Testclasess.execute.WOP_TrailerCampaign</td>
<td><div><pre>FindFailed: D:/CoreWorkStreamsTeam_B/Pictures/WopImages/TrailerIcon.PNG: (23x27) in S(0)[0,0 1366x768] E:Y, T:3.0
  Line 2782, in file Region.java

	at org.sikuli.script.Region.wait(Region.java:2782)
	at com.amc.txbase.TxBase.imageFindClick(TxBase.java:671)
	at com.amc.txrepo.WOP_TrailorCampaignObjects.trailerCampaign(WOP_TrailorCampaignObjects.java:36)
	at com.amc.Testclasess.execute.WOP_TrailerCampaign.wopTrailerCampaignTest(WOP_TrailerCampaign.java:20)
	at com.amc.testcases.DynamicTestNG.runTestNGTest(DynamicTestNG.java:87)
	at com.amc.testcases.DynamicTestNG.ExecuteScripts(DynamicTestNG.java:97)
... Removed 50 stack frames</pre></div><a href='#' onClick='toggleBox("stack-trace1135273078", this, "Click to show all stack frames", "Click to hide stack frames")'>Click to show all stack frames</a>
<div class='stack-trace' id='stack-trace1135273078'><pre>FindFailed: D:/CoreWorkStreamsTeam_B/Pictures/WopImages/TrailerIcon.PNG: (23x27) in S(0)[0,0 1366x768] E:Y, T:3.0
  Line 2782, in file Region.java

	at org.sikuli.script.Region.wait(Region.java:2782)
	at com.amc.txbase.TxBase.imageFindClick(TxBase.java:671)
	at com.amc.txrepo.WOP_TrailorCampaignObjects.trailerCampaign(WOP_TrailorCampaignObjects.java:36)
	at com.amc.Testclasess.execute.WOP_TrailerCampaign.wopTrailerCampaignTest(WOP_TrailerCampaign.java:20)
	at sun.reflect.NativeMethodAccessorImpl.invoke0(Native Method)
	at sun.reflect.NativeMethodAccessorImpl.invoke(NativeMethodAccessorImpl.java:62)
	at sun.reflect.DelegatingMethodAccessorImpl.invoke(DelegatingMethodAccessorImpl.java:43)
	at java.lang.reflect.Method.invoke(Method.java:498)
	at org.testng.internal.MethodInvocationHelper.invokeMethod(MethodInvocationHelper.java:124)
	at org.testng.internal.Invoker.invokeMethod(Invoker.java:583)
	at org.testng.internal.Invoker.invokeTestMethod(Invoker.java:719)
	at org.testng.internal.Invoker.invokeTestMethods(Invoker.java:989)
	at org.testng.internal.TestMethodWorker.invokeTestMethods(TestMethodWorker.java:125)
	at org.testng.internal.TestMethodWorker.run(TestMethodWorker.java:109)
	at org.testng.TestRunner.privateRun(TestRunner.java:648)
	at org.testng.TestRunner.run(TestRunner.java:505)
	at org.testng.SuiteRunner.runTest(SuiteRunner.java:455)
	at org.testng.SuiteRunner.runSequentially(SuiteRunner.java:450)
	at org.testng.SuiteRunner.privateRun(SuiteRunner.java:415)
	at org.testng.SuiteRunner.run(SuiteRunner.java:364)
	at org.testng.SuiteRunnerWorker.runSuite(SuiteRunnerWorker.java:52)
	at org.testng.SuiteRunnerWorker.run(SuiteRunnerWorker.java:84)
	at org.testng.TestNG.runSuitesSequentially(TestNG.java:1208)
	at org.testng.TestNG.runSuitesLocally(TestNG.java:1137)
	at org.testng.TestNG.runSuites(TestNG.java:1049)
	at org.testng.TestNG.run(TestNG.java:1017)
	at com.amc.testcases.DynamicTestNG.runTestNGTest(DynamicTestNG.java:87)
	at com.amc.testcases.DynamicTestNG.ExecuteScripts(DynamicTestNG.java:97)
	at sun.reflect.NativeMethodAccessorImpl.invoke0(Native Method)
	at sun.reflect.NativeMethodAccessorImpl.invoke(NativeMethodAccessorImpl.java:62)
	at sun.reflect.DelegatingMethodAccessorImpl.invoke(DelegatingMethodAccessorImpl.java:43)
	at java.lang.reflect.Method.invoke(Method.java:498)
	at org.testng.internal.MethodInvocationHelper.invokeMethod(MethodInvocationHelper.java:124)
	at org.testng.internal.Invoker.invokeMethod(Invoker.java:583)
	at org.testng.internal.Invoker.invokeTestMethod(Invoker.java:719)
	at org.testng.internal.Invoker.invokeTestMethods(Invoker.java:989)
	at org.testng.internal.TestMethodWorker.invokeTestMethods(TestMethodWorker.java:125)
	at org.testng.internal.TestMethodWorker.run(TestMethodWorker.java:109)
	at org.testng.TestRunner.privateRun(TestRunner.java:648)
	at org.testng.TestRunner.run(TestRunner.java:505)
	at org.testng.SuiteRunner.runTest(SuiteRunner.java:455)
	at org.testng.SuiteRunner.runSequentially(SuiteRunner.java:450)
	at org.testng.SuiteRunner.privateRun(SuiteRunner.java:415)
	at org.testng.SuiteRunner.run(SuiteRunner.java:364)
	at org.testng.SuiteRunnerWorker.runSuite(SuiteRunnerWorker.java:52)
	at org.testng.SuiteRunnerWorker.run(SuiteRunnerWorker.java:84)
	at org.testng.TestNG.runSuitesSequentially(TestNG.java:1208)
	at org.testng.TestNG.runSuitesLocally(TestNG.java:1137)
	at org.testng.TestNG.runSuites(TestNG.java:1049)
	at org.testng.TestNG.run(TestNG.java:1017)
	at org.apache.maven.surefire.testng.TestNGExecutor.run(TestNGExecutor.java:281)
	at org.apache.maven.surefire.testng.TestNGXmlTestSuite.execute(TestNGXmlTestSuite.java:75)
	at org.apache.maven.surefire.testng.TestNGProvider.invoke(TestNGProvider.java:121)
	at org.apache.maven.surefire.booter.ForkedBooter.invokeProviderInSameClassLoader(ForkedBooter.java:290)
	at org.apache.maven.surefire.booter.ForkedBooter.runSuitesInProcess(ForkedBooter.java:242)
	at org.apache.maven.surefire.booter.ForkedBooter.main(ForkedBooter.java:121)
</pre></div></td>
<td>16</td>
<td>com.amc.Testclasess.execute.WOP_TrailerCampaign@4bb4c147</td></tr>
</table><p>
<table width='100%' border='1' class='invocation-passed'>
<tr><td colspan='4' align='center'><b>PASSED TESTS</b></td></tr>
<tr><td><b>Test method</b></td>
<td width="30%"><b>Exception</b></td>
<td width="10%"><b>Time (seconds)</b></td>
<td><b>Instance</b></td>
</tr>
<tr>
<td title='com.amc.Testclasess.execute.CampaignHierarchyValidations.campaignHierarchycomparison()'><b>campaignHierarchycomparison</b><br>Test class: com.amc.Testclasess.execute.CampaignHierarchyValidations</td>
<td></td>
<td>2</td>
<td>com.amc.Testclasess.execute.CampaignHierarchyValidations@1b250e51</td></tr>
</table><p>
</body>
</html>