<?xml version="1.0" encoding="UTF-8"?>
<!-- Generated by org.testng.reporters.JUnitXMLReporter -->
<testsuite hostname="AUTOQA01-AWSNP" ignored="7" name="Testclasess" tests="8" failures="7" timestamp="13 Apr 2020 17:14:27 GMT" time="153.312" errors="0">
  <testcase name="launch" time="48.655" classname="com.amc.Testclasess.execute.WOP_launchAndLogin">
    <failure type="org.sikuli.script.FindFailed" message="D:/CoreWorkStreamsTeam_B/Pictures//WopImages//WopStartIcon.PNG: (55x53) in S(0)[0,0 1366x768] E:Y, T:3.0">
      <![CDATA[FindFailed: D:/CoreWorkStreamsTeam_B/Pictures//WopImages//WopStartIcon.PNG: (55x53) in S(0)[0,0 1366x768] E:Y, T:3.0
  Line 2782, in file Region.java

at org.sikuli.script.Region.wait(Region.java:2782)
at com.amc.txbase.TxBase.imageClick(TxBase.java:472)
at com.amc.txrepo.WOPObjets.reenterPassword(WOPObjets.java:174)
at com.amc.Testclasess.execute.WOP_launchAndLogin.launch(WOP_launchAndLogin.java:29)
at com.amc.testcases.DynamicTestNG.runTestNGTest(DynamicTestNG.java:87)
at com.amc.testcases.DynamicTestNG.ExecuteScripts(DynamicTestNG.java:97)
... Removed 50 stack frames]]>
    </failure>
  </testcase> <!-- launch -->
  <testcase name="wopTrailerCampaignTest" time="16.286" classname="com.amc.Testclasess.execute.WOP_TrailerCampaign">
    <failure type="org.sikuli.script.FindFailed" message="D:/CoreWorkStreamsTeam_B/Pictures/WopImages/TrailerIcon.PNG: (23x27) in S(0)[0,0 1366x768] E:Y, T:3.0">
      <![CDATA[FindFailed: D:/CoreWorkStreamsTeam_B/Pictures/WopImages/TrailerIcon.PNG: (23x27) in S(0)[0,0 1366x768] E:Y, T:3.0
  Line 2782, in file Region.java

at org.sikuli.script.Region.wait(Region.java:2782)
at com.amc.txbase.TxBase.imageFindClick(TxBase.java:671)
at com.amc.txrepo.WOP_TrailorCampaignObjects.trailerCampaign(WOP_TrailorCampaignObjects.java:36)
at com.amc.Testclasess.execute.WOP_TrailerCampaign.wopTrailerCampaignTest(WOP_TrailerCampaign.java:20)
at com.amc.testcases.DynamicTestNG.runTestNGTest(DynamicTestNG.java:87)
at com.amc.testcases.DynamicTestNG.ExecuteScripts(DynamicTestNG.java:97)
... Removed 50 stack frames]]>
    </failure>
  </testcase> <!-- wopTrailerCampaignTest -->
  <testcase name="mpLaunchAndLoginTest" time="23.235" classname="com.amc.Testclasess.execute.MP_launchAndLogin">
    <failure type="org.openqa.selenium.SessionNotCreatedException" message="session not created: This version of ChromeDriver only supports Chrome version 79
Build info: version: &amp;apos;3.8.1&amp;apos;, revision: &amp;apos;6e95a6684b&amp;apos;, time: &amp;apos;2017-12-01T18:33:54.468Z&amp;apos;
System info: host: &amp;apos;AUTOQA01-AWSNP&amp;apos;, ip: &amp;apos;10.12.8.45&amp;apos;, os.name: &amp;apos;Windows Server 2016&amp;apos;, os.arch: &amp;apos;amd64&amp;apos;, os.version: &amp;apos;10.0&amp;apos;, java.version: &amp;apos;1.8.0_241&amp;apos;
Driver info: driver.version: ChromeDriver
remote stacktrace: Backtrace:
	Ordinal0 [0x002FA113+1548563]
	Ordinal0 [0x0027DDA1+1039777]
	Ordinal0 [0x001FE485+517253]
	Ordinal0 [0x0018FD34+64820]
	Ordinal0 [0x0018C61E+50718]
	Ordinal0 [0x001AB797+178071]
	Ordinal0 [0x001AB59D+177565]
	Ordinal0 [0x001A95FB+169467]
	Ordinal0 [0x0019160A+71178]
	Ordinal0 [0x00192690+75408]
	Ordinal0 [0x00192629+75305]
	Ordinal0 [0x002971B7+1143223]
	GetHandleVerifier [0x00392B46+507814]
	GetHandleVerifier [0x00392864+507076]
	GetHandleVerifier [0x00399F47+537511]
	GetHandleVerifier [0x00393402+510050]
	Ordinal0 [0x0028F29C+1110684]
	Ordinal0 [0x0029938B+1151883]
	Ordinal0 [0x002994F3+1152243]
	Ordinal0 [0x002983F5+1147893]
	BaseThreadInitThunk [0x74F962C4+36]
	RtlSubscribeWnfStateChangeNotification [0x76F51E39+1081]
	RtlSubscribeWnfStateChangeNotification [0x76F51E04+1028]
">
      <![CDATA[org.openqa.selenium.SessionNotCreatedException: session not created: This version of ChromeDriver only supports Chrome version 79
Build info: version: '3.8.1', revision: '6e95a6684b', time: '2017-12-01T18:33:54.468Z'
System info: host: 'AUTOQA01-AWSNP', ip: '10.12.8.45', os.name: 'Windows Server 2016', os.arch: 'amd64', os.version: '10.0', java.version: '1.8.0_241'
Driver info: driver.version: ChromeDriver
remote stacktrace: Backtrace:
Ordinal0 [0x002FA113+1548563]
Ordinal0 [0x0027DDA1+1039777]
Ordinal0 [0x001FE485+517253]
Ordinal0 [0x0018FD34+64820]
Ordinal0 [0x0018C61E+50718]
Ordinal0 [0x001AB797+178071]
Ordinal0 [0x001AB59D+177565]
Ordinal0 [0x001A95FB+169467]
Ordinal0 [0x0019160A+71178]
Ordinal0 [0x00192690+75408]
Ordinal0 [0x00192629+75305]
Ordinal0 [0x002971B7+1143223]
GetHandleVerifier [0x00392B46+507814]
GetHandleVerifier [0x00392864+507076]
GetHandleVerifier [0x00399F47+537511]
GetHandleVerifier [0x00393402+510050]
Ordinal0 [0x0028F29C+1110684]
Ordinal0 [0x0029938B+1151883]
Ordinal0 [0x002994F3+1152243]
Ordinal0 [0x002983F5+1147893]
BaseThreadInitThunk [0x74F962C4+36]
RtlSubscribeWnfStateChangeNotification [0x76F51E39+1081]
RtlSubscribeWnfStateChangeNotification [0x76F51E04+1028]

at org.openqa.selenium.remote.W3CHandshakeResponse.lambda$new$0(W3CHandshakeResponse.java:57)
at org.openqa.selenium.remote.W3CHandshakeResponse.lambda$getResponseFunction$2(W3CHandshakeResponse.java:104)
at org.openqa.selenium.remote.ProtocolHandshake.lambda$createSession$0(ProtocolHandshake.java:123)
at java.util.stream.ReferencePipeline$3$1.accept(ReferencePipeline.java:193)
at java.util.Spliterators$ArraySpliterator.tryAdvance(Spliterators.java:958)
at java.util.stream.ReferencePipeline.forEachWithCancel(ReferencePipeline.java:126)
at java.util.stream.AbstractPipeline.copyIntoWithCancel(AbstractPipeline.java:499)
at java.util.stream.AbstractPipeline.copyInto(AbstractPipeline.java:486)
at java.util.stream.AbstractPipeline.wrapAndCopyInto(AbstractPipeline.java:472)
at java.util.stream.FindOps$FindOp.evaluateSequential(FindOps.java:152)
at java.util.stream.AbstractPipeline.evaluate(AbstractPipeline.java:234)
at java.util.stream.ReferencePipeline.findFirst(ReferencePipeline.java:464)
at org.openqa.selenium.remote.ProtocolHandshake.createSession(ProtocolHandshake.java:126)
at org.openqa.selenium.remote.ProtocolHandshake.createSession(ProtocolHandshake.java:73)
at org.openqa.selenium.remote.HttpCommandExecutor.execute(HttpCommandExecutor.java:142)
at org.openqa.selenium.remote.service.DriverCommandExecutor.execute(DriverCommandExecutor.java:83)
at org.openqa.selenium.remote.RemoteWebDriver.execute(RemoteWebDriver.java:600)
at org.openqa.selenium.remote.RemoteWebDriver.startSession(RemoteWebDriver.java:219)
at org.openqa.selenium.remote.RemoteWebDriver.<init>(RemoteWebDriver.java:142)
at org.openqa.selenium.chrome.ChromeDriver.<init>(ChromeDriver.java:181)
at org.openqa.selenium.chrome.ChromeDriver.<init>(ChromeDriver.java:147)
at com.amc.txbase.TxBase.launchProgram(TxBase.java:836)
at com.amc.Testclasess.execute.MP_launchAndLogin.mpLaunchAndLoginTest(MP_launchAndLogin.java:29)
at com.amc.testcases.DynamicTestNG.runTestNGTest(DynamicTestNG.java:87)
at com.amc.testcases.DynamicTestNG.ExecuteScripts(DynamicTestNG.java:97)
... Removed 54 stack frames]]>
    </failure>
  </testcase> <!-- mpLaunchAndLoginTest -->
  <testcase name="CampaginIntigrationFromWOPtoMP" time="9.239" classname="com.amc.Testclasess.execute.MP_campaignData">
    <failure type="org.sikuli.script.FindFailed" message="D:/CoreWorkStreamsTeam_B/Pictures/WopImages/ProjectManagement.PNG: (143x20) in S(0)[0,0 1366x768] E:Y, T:3.0">
      <![CDATA[FindFailed: D:/CoreWorkStreamsTeam_B/Pictures/WopImages/ProjectManagement.PNG: (143x20) in S(0)[0,0 1366x768] E:Y, T:3.0
  Line 2782, in file Region.java

at org.sikuli.script.Region.wait(Region.java:2782)
at com.amc.txbase.TxBase.imageFindClick(TxBase.java:671)
at com.amc.txrepo.MP_CampaignObjects.projectManagement(MP_CampaignObjects.java:35)
at com.amc.Testclasess.execute.MP_campaignData.CampaginIntigrationFromWOPtoMP(MP_campaignData.java:40)
at com.amc.testcases.DynamicTestNG.runTestNGTest(DynamicTestNG.java:87)
at com.amc.testcases.DynamicTestNG.ExecuteScripts(DynamicTestNG.java:97)
... Removed 50 stack frames]]>
    </failure>
  </testcase> <!-- CampaginIntigrationFromWOPtoMP -->
  <testcase name="campaignHierarchycomparison" time="2.003" classname="com.amc.Testclasess.execute.CampaignHierarchyValidations"/>
  <testcase name="CampaignDataComparion" time="26.827" classname="com.amc.Testclasess.execute.CampaignDataValidations">
    <failure type="org.sikuli.script.FindFailed" message="D:/CoreWorkStreamsTeam_B/Pictures/WopImages/CampaignDataNetwork.PNG: (188x26) in S(0)[0,0 1366x768] E:Y, T:3.0">
      <![CDATA[FindFailed: D:/CoreWorkStreamsTeam_B/Pictures/WopImages/CampaignDataNetwork.PNG: (188x26) in S(0)[0,0 1366x768] E:Y, T:3.0
  Line 2782, in file Region.java

at org.sikuli.script.Region.wait(Region.java:2782)
at com.amc.txbase.TxBase.imagecopyText(TxBase.java:640)
at com.amc.txrepo.WOPtoMP_CampaignDataValidation.campaignDataSelection(WOPtoMP_CampaignDataValidation.java:26)
at com.amc.Testclasess.execute.CampaignDataValidations.CampaignDataComparion(CampaignDataValidations.java:38)
at com.amc.testcases.DynamicTestNG.runTestNGTest(DynamicTestNG.java:87)
at com.amc.testcases.DynamicTestNG.ExecuteScripts(DynamicTestNG.java:97)
... Removed 50 stack frames]]>
    </failure>
  </testcase> <!-- CampaignDataComparion -->
  <testcase name="MasterTrailerComparion" time="12.528" classname="com.amc.Testclasess.execute.MasterTrailerDataValidations">
    <failure type="org.sikuli.script.FindFailed" message="D:/CoreWorkStreamsTeam_B/Pictures/WopImages/M1Trailer1CategoryD.PNG: (260x31) in S(0)[0,0 1366x768] E:Y, T:3.0">
      <![CDATA[FindFailed: D:/CoreWorkStreamsTeam_B/Pictures/WopImages/M1Trailer1CategoryD.PNG: (260x31) in S(0)[0,0 1366x768] E:Y, T:3.0
  Line 2782, in file Region.java

at org.sikuli.script.Region.wait(Region.java:2782)
at com.amc.txbase.TxBase.imagecopyText(TxBase.java:640)
at com.amc.txrepo.WOP_MPMasterTrailerDataValidations.masterTrailer2DataSelection(WOP_MPMasterTrailerDataValidations.java:25)
at com.amc.Testclasess.execute.MasterTrailerDataValidations.MasterTrailerComparion(MasterTrailerDataValidations.java:39)
at com.amc.testcases.DynamicTestNG.runTestNGTest(DynamicTestNG.java:87)
at com.amc.testcases.DynamicTestNG.ExecuteScripts(DynamicTestNG.java:97)
... Removed 50 stack frames]]>
    </failure>
  </testcase> <!-- MasterTrailerComparion -->
  <testcase name="trailerDataComparison" time="12.342" classname="com.amc.Testclasess.execute.TrailerDataValidations">
    <failure type="org.sikuli.script.FindFailed" message="D:/CoreWorkStreamsTeam_B/Pictures/WopImages/TrailerTypeD.PNG: (271x34) in S(0)[0,0 1366x768] E:Y, T:3.0">
      <![CDATA[FindFailed: D:/CoreWorkStreamsTeam_B/Pictures/WopImages/TrailerTypeD.PNG: (271x34) in S(0)[0,0 1366x768] E:Y, T:3.0
  Line 2782, in file Region.java

at org.sikuli.script.Region.wait(Region.java:2782)
at com.amc.txbase.TxBase.imagecopyText(TxBase.java:640)
at com.amc.txrepo.WOP_MPTrailerDataValidations.trailerDataSelection(WOP_MPTrailerDataValidations.java:25)
at com.amc.Testclasess.execute.TrailerDataValidations.trailerDataComparison(TrailerDataValidations.java:41)
at com.amc.testcases.DynamicTestNG.runTestNGTest(DynamicTestNG.java:87)
at com.amc.testcases.DynamicTestNG.ExecuteScripts(DynamicTestNG.java:97)
... Removed 50 stack frames]]>
    </failure>
  </testcase> <!-- trailerDataComparison -->
  <testcase name="@AfterSuite closingbrowser" time="0.0" classname="com.amc.txbase.TxBase">
    <ignored/>
  </testcase> <!-- @AfterSuite closingbrowser -->
  <testcase name="@AfterSuite closingbrowser" time="0.0" classname="com.amc.txbase.TxBase">
    <ignored/>
  </testcase> <!-- @AfterSuite closingbrowser -->
  <testcase name="@AfterSuite closingbrowser" time="0.0" classname="com.amc.txbase.TxBase">
    <ignored/>
  </testcase> <!-- @AfterSuite closingbrowser -->
  <testcase name="@AfterSuite closingbrowser" time="0.0" classname="com.amc.txbase.TxBase">
    <ignored/>
  </testcase> <!-- @AfterSuite closingbrowser -->
  <testcase name="@AfterSuite closingbrowser" time="0.0" classname="com.amc.txbase.TxBase">
    <ignored/>
  </testcase> <!-- @AfterSuite closingbrowser -->
  <testcase name="@AfterSuite closingbrowser" time="0.0" classname="com.amc.txbase.TxBase">
    <ignored/>
  </testcase> <!-- @AfterSuite closingbrowser -->
  <testcase name="@AfterSuite closingbrowser" time="0.0" classname="com.amc.txbase.TxBase">
    <ignored/>
  </testcase> <!-- @AfterSuite closingbrowser -->
</testsuite> <!-- Testclasess -->
