<?xml version="1.0" encoding="UTF-8"?>
<!-- Generated by org.testng.reporters.JUnitXMLReporter -->
<testsuite hostname="MONO-HYD-LAP-41" ignored="4" name="Testclasess" tests="19" failures="1" timestamp="29 Jun 2020 09:22:43 GMT" time="456.171" errors="0">
  <testcase name="wopTrailerCampaignTest" time="277.305" classname="com.amc.Testclasess.execute.WOP_TrailerCampaign"/>
  <testcase name="CampaginIntigrationFromWOPtoMP" time="52.375" classname="com.amc.Testclasess.execute.MP_campaignData"/>
  <testcase name="validateCampaignTitleTest" time="0.013" classname="com.amc.Testclasess.execute.CampaignDataValidations"/>
  <testcase name="validateCampaignOwnerTest" time="0.002" classname="com.amc.Testclasess.execute.CampaignDataValidations"/>
  <testcase name="validateOwnerNetworkTest" time="0.004" classname="com.amc.Testclasess.execute.CampaignDataValidations"/>
  <testcase name="MasterTrailerAndTrailerDataSelectionTest" time="124.382" classname="com.amc.Testclasess.execute.MasterTrailerDataValidations"/>
  <testcase name="validateTitleTest" time="0.002" classname="com.amc.Testclasess.execute.MasterTrailerDataValidations"/>
  <testcase name="validateExpectedFrameRateTest" time="0.002" classname="com.amc.Testclasess.execute.MasterTrailerDataValidations"/>
  <testcase name="validateExpectedVideoCodecTest" time="0.002" classname="com.amc.Testclasess.execute.MasterTrailerDataValidations"/>
  <testcase name="validateExpectedAspectRatioTest" time="0.002" classname="com.amc.Testclasess.execute.MasterTrailerDataValidations"/>
  <testcase name="validateExpectedFormatTest" time="0.003" classname="com.amc.Testclasess.execute.MasterTrailerDataValidations"/>
  <testcase name="validateTitleTest" time="0.007" classname="com.amc.Testclasess.execute.TrailerDataValidations"/>
  <testcase name="validateStartDateTest" time="0.002" classname="com.amc.Testclasess.execute.TrailerDataValidations"/>
  <testcase name="validateEndDateTest" time="0.017" classname="com.amc.Testclasess.execute.TrailerDataValidations">
    <failure type="java.lang.AssertionError" message="The following asserts failed:
	TrailerEndDate:07-06-2020 --- Not Matched with --- [Title:M1_Trailer Test_1, TrailerStartDate:06-06-2020, TrailerEndDate:06-07-2020, OwnerNetwork:AMC, ExpectedTRT:00:02:30, ExpectedFrameRate:29.97fps, ExpectedVideoCodec:DNx HD (SMPTE VC-3), ExpectedAspectRatio:1.78, ExpectedFormat:HD]">
      <![CDATA[java.lang.AssertionError: The following asserts failed:
TrailerEndDate:07-06-2020 --- Not Matched with --- [Title:M1_Trailer Test_1, TrailerStartDate:06-06-2020, TrailerEndDate:06-07-2020, OwnerNetwork:AMC, ExpectedTRT:00:02:30, ExpectedFrameRate:29.97fps, ExpectedVideoCodec:DNx HD (SMPTE VC-3), ExpectedAspectRatio:1.78, ExpectedFormat:HD]
at com.amc.txrepo.WOP_MPTrailerDataValidations.TrailerFieldscomparison(WOP_MPTrailerDataValidations.java:84)
at com.amc.Testclasess.execute.TrailerDataValidations.validateEndDateTest(TrailerDataValidations.java:79)
at com.amc.testcases.DynamicTestNG.runTestNGTest(DynamicTestNG.java:87)
at com.amc.testcases.DynamicTestNG.ExecuteScripts(DynamicTestNG.java:97)
... Removed 57 stack frames]]>
    </failure>
  </testcase> <!-- validateEndDateTest -->
  <testcase name="validateOwnerNetworkTest" time="0.003" classname="com.amc.Testclasess.execute.TrailerDataValidations"/>
  <testcase name="validateExpectedFrameRateTest" time="0.001" classname="com.amc.Testclasess.execute.TrailerDataValidations"/>
  <testcase name="validateExpectedVideoCodecTest" time="0.002" classname="com.amc.Testclasess.execute.TrailerDataValidations"/>
  <testcase name="validateExpectedAspectRatioTest" time="0.001" classname="com.amc.Testclasess.execute.TrailerDataValidations"/>
  <testcase name="validateExpectedFormatTest" time="0.001" classname="com.amc.Testclasess.execute.TrailerDataValidations"/>
  <testcase name="@AfterSuite closingbrowser" time="0.0" classname="com.amc.txbase.TxBase">
    <ignored/>
  </testcase> <!-- @AfterSuite closingbrowser -->
  <testcase name="@AfterSuite closingbrowser" time="0.0" classname="com.amc.txbase.TxBase">
    <ignored/>
  </testcase> <!-- @AfterSuite closingbrowser -->
  <testcase name="@AfterSuite closingbrowser" time="0.0" classname="com.amc.txbase.TxBase">
    <ignored/>
  </testcase> <!-- @AfterSuite closingbrowser -->
  <testcase name="@AfterSuite closingbrowser" time="0.0" classname="com.amc.txbase.TxBase">
    <ignored/>
  </testcase> <!-- @AfterSuite closingbrowser -->
</testsuite> <!-- Testclasess -->
