<html>
<head>
<title>TestNG:  Testclasess</title>
<link href="../testng.css" rel="stylesheet" type="text/css" />
<link href="../my-testng.css" rel="stylesheet" type="text/css" />

<style type="text/css">
.log { display: none;} 
.stack-trace { display: none;} 
</style>
<script type="text/javascript">
<!--
function flip(e) {
  current = e.style.display;
  if (current == 'block') {
    e.style.display = 'none';
    return 0;
  }
  else {
    e.style.display = 'block';
    return 1;
  }
}

function toggleBox(szDivId, elem, msg1, msg2)
{
  var res = -1;  if (document.getElementById) {
    res = flip(document.getElementById(szDivId));
  }
  else if (document.all) {
    // this is the way old msie versions work
    res = flip(document.all[szDivId]);
  }
  if(elem) {
    if(res == 0) elem.innerHTML = msg1; else elem.innerHTML = msg2;
  }

}

function toggleAllBoxes() {
  if (document.getElementsByTagName) {
    d = document.getElementsByTagName('div');
    for (i = 0; i < d.length; i++) {
      if (d[i].className == 'log') {
        flip(d[i]);
      }
    }
  }
}

// -->
</script>

</head>
<body>
<h2 align='center'>Testclasess</h2><table border='1' align="center">
<tr>
<td>Tests passed/Failed/Skipped:</td><td>18/1/0</td>
</tr><tr>
<td>Started on:</td><td>Mon Jun 29 14:45:07 IST 2020</td>
</tr>
<tr><td>Total time:</td><td>456 seconds (456171 ms)</td>
</tr><tr>
<td>Included groups:</td><td></td>
</tr><tr>
<td>Excluded groups:</td><td></td>
</tr>
</table><p/>
<small><i>(Hover the method name to see the test class name)</i></small><p/>
<table width='100%' border='1' class='invocation-failed'>
<tr><td colspan='4' align='center'><b>FAILED TESTS</b></td></tr>
<tr><td><b>Test method</b></td>
<td width="30%"><b>Exception</b></td>
<td width="10%"><b>Time (seconds)</b></td>
<td><b>Instance</b></td>
</tr>
<tr>
<td title='com.amc.Testclasess.execute.TrailerDataValidations.validateEndDateTest()'><b>validateEndDateTest</b><br>Test class: com.amc.Testclasess.execute.TrailerDataValidations</td>
<td><div><pre>java.lang.AssertionError: The following asserts failed:
	TrailerEndDate:07-06-2020 --- Not Matched with --- [Title:M1_Trailer Test_1, TrailerStartDate:06-06-2020, TrailerEndDate:06-07-2020, OwnerNetwork:AMC, ExpectedTRT:00:02:30, ExpectedFrameRate:29.97fps, ExpectedVideoCodec:DNx HD (SMPTE VC-3), ExpectedAspectRatio:1.78, ExpectedFormat:HD]
	at com.amc.txrepo.WOP_MPTrailerDataValidations.TrailerFieldscomparison(WOP_MPTrailerDataValidations.java:84)
	at com.amc.Testclasess.execute.TrailerDataValidations.validateEndDateTest(TrailerDataValidations.java:79)
	at com.amc.testcases.DynamicTestNG.runTestNGTest(DynamicTestNG.java:87)
	at com.amc.testcases.DynamicTestNG.ExecuteScripts(DynamicTestNG.java:97)
... Removed 57 stack frames</pre></div><a href='#' onClick='toggleBox("stack-trace1919663716", this, "Click to show all stack frames", "Click to hide stack frames")'>Click to show all stack frames</a>
<div class='stack-trace' id='stack-trace1919663716'><pre>java.lang.AssertionError: The following asserts failed:
	TrailerEndDate:07-06-2020 --- Not Matched with --- [Title:M1_Trailer Test_1, TrailerStartDate:06-06-2020, TrailerEndDate:06-07-2020, OwnerNetwork:AMC, ExpectedTRT:00:02:30, ExpectedFrameRate:29.97fps, ExpectedVideoCodec:DNx HD (SMPTE VC-3), ExpectedAspectRatio:1.78, ExpectedFormat:HD]
	at org.testng.asserts.SoftAssert.assertAll(SoftAssert.java:43)
	at com.amc.txrepo.WOP_MPTrailerDataValidations.TrailerFieldscomparison(WOP_MPTrailerDataValidations.java:84)
	at com.amc.Testclasess.execute.TrailerDataValidations.validateEndDateTest(TrailerDataValidations.java:79)
	at sun.reflect.NativeMethodAccessorImpl.invoke0(Native Method)
	at sun.reflect.NativeMethodAccessorImpl.invoke(NativeMethodAccessorImpl.java:62)
	at sun.reflect.DelegatingMethodAccessorImpl.invoke(DelegatingMethodAccessorImpl.java:43)
	at java.lang.reflect.Method.invoke(Method.java:498)
	at org.testng.internal.MethodInvocationHelper.invokeMethod(MethodInvocationHelper.java:124)
	at org.testng.internal.Invoker.invokeMethod(Invoker.java:583)
	at org.testng.internal.Invoker.invokeTestMethod(Invoker.java:719)
	at org.testng.internal.Invoker.invokeTestMethods(Invoker.java:989)
	at org.testng.internal.TestMethodWorker.invokeTestMethods(TestMethodWorker.java:125)
	at org.testng.internal.TestMethodWorker.run(TestMethodWorker.java:109)
	at org.testng.TestRunner.privateRun(TestRunner.java:648)
	at org.testng.TestRunner.run(TestRunner.java:505)
	at org.testng.SuiteRunner.runTest(SuiteRunner.java:455)
	at org.testng.SuiteRunner.runSequentially(SuiteRunner.java:450)
	at org.testng.SuiteRunner.privateRun(SuiteRunner.java:415)
	at org.testng.SuiteRunner.run(SuiteRunner.java:364)
	at org.testng.SuiteRunnerWorker.runSuite(SuiteRunnerWorker.java:52)
	at org.testng.SuiteRunnerWorker.run(SuiteRunnerWorker.java:84)
	at org.testng.TestNG.runSuitesSequentially(TestNG.java:1208)
	at org.testng.TestNG.runSuitesLocally(TestNG.java:1137)
	at org.testng.TestNG.runSuites(TestNG.java:1049)
	at org.testng.TestNG.run(TestNG.java:1017)
	at com.amc.testcases.DynamicTestNG.runTestNGTest(DynamicTestNG.java:87)
	at com.amc.testcases.DynamicTestNG.ExecuteScripts(DynamicTestNG.java:97)
	at sun.reflect.NativeMethodAccessorImpl.invoke0(Native Method)
	at sun.reflect.NativeMethodAccessorImpl.invoke(NativeMethodAccessorImpl.java:62)
	at sun.reflect.DelegatingMethodAccessorImpl.invoke(DelegatingMethodAccessorImpl.java:43)
	at java.lang.reflect.Method.invoke(Method.java:498)
	at org.testng.internal.MethodInvocationHelper.invokeMethod(MethodInvocationHelper.java:124)
	at org.testng.internal.Invoker.invokeMethod(Invoker.java:583)
	at org.testng.internal.Invoker.invokeTestMethod(Invoker.java:719)
	at org.testng.internal.Invoker.invokeTestMethods(Invoker.java:989)
	at org.testng.internal.TestMethodWorker.invokeTestMethods(TestMethodWorker.java:125)
	at org.testng.internal.TestMethodWorker.run(TestMethodWorker.java:109)
	at org.testng.TestRunner.privateRun(TestRunner.java:648)
	at org.testng.TestRunner.run(TestRunner.java:505)
	at org.testng.SuiteRunner.runTest(SuiteRunner.java:455)
	at org.testng.SuiteRunner.runSequentially(SuiteRunner.java:450)
	at org.testng.SuiteRunner.privateRun(SuiteRunner.java:415)
	at org.testng.SuiteRunner.run(SuiteRunner.java:364)
	at org.testng.SuiteRunnerWorker.runSuite(SuiteRunnerWorker.java:52)
	at org.testng.SuiteRunnerWorker.run(SuiteRunnerWorker.java:84)
	at org.testng.TestNG.runSuitesSequentially(TestNG.java:1208)
	at org.testng.TestNG.runSuitesLocally(TestNG.java:1137)
	at org.testng.TestNG.runSuites(TestNG.java:1049)
	at org.testng.TestNG.run(TestNG.java:1017)
	at org.apache.maven.surefire.testng.TestNGExecutor.run(TestNGExecutor.java:178)
	at org.apache.maven.surefire.testng.TestNGXmlTestSuite.execute(TestNGXmlTestSuite.java:92)
	at org.apache.maven.surefire.testng.TestNGProvider.invoke(TestNGProvider.java:96)
	at sun.reflect.NativeMethodAccessorImpl.invoke0(Native Method)
	at sun.reflect.NativeMethodAccessorImpl.invoke(NativeMethodAccessorImpl.java:62)
	at sun.reflect.DelegatingMethodAccessorImpl.invoke(DelegatingMethodAccessorImpl.java:43)
	at java.lang.reflect.Method.invoke(Method.java:498)
	at org.apache.maven.surefire.util.ReflectionUtils.invokeMethodWithArray2(ReflectionUtils.java:208)
	at org.apache.maven.surefire.booter.ProviderFactory$ProviderProxy.invoke(ProviderFactory.java:159)
	at org.apache.maven.surefire.booter.ProviderFactory.invokeProvider(ProviderFactory.java:87)
	at org.apache.maven.surefire.booter.ForkedBooter.runSuitesInProcess(ForkedBooter.java:153)
	at org.apache.maven.surefire.booter.ForkedBooter.main(ForkedBooter.java:95)
</pre></div></td>
<td>0</td>
<td>com.amc.Testclasess.execute.TrailerDataValidations@48ac2da4</td></tr>
</table><p>
<table width='100%' border='1' class='invocation-passed'>
<tr><td colspan='4' align='center'><b>PASSED TESTS</b></td></tr>
<tr><td><b>Test method</b></td>
<td width="30%"><b>Exception</b></td>
<td width="10%"><b>Time (seconds)</b></td>
<td><b>Instance</b></td>
</tr>
<tr>
<td title='com.amc.Testclasess.execute.MP_campaignData.CampaginIntigrationFromWOPtoMP()'><b>CampaginIntigrationFromWOPtoMP</b><br>Test class: com.amc.Testclasess.execute.MP_campaignData</td>
<td></td>
<td>52</td>
<td>com.amc.Testclasess.execute.MP_campaignData@2cca4a87</td></tr>
<tr>
<td title='com.amc.Testclasess.execute.MasterTrailerDataValidations.MasterTrailerAndTrailerDataSelectionTest()'><b>MasterTrailerAndTrailerDataSelectionTest</b><br>Test class: com.amc.Testclasess.execute.MasterTrailerDataValidations</td>
<td></td>
<td>124</td>
<td>com.amc.Testclasess.execute.MasterTrailerDataValidations@10e9aa29</td></tr>
<tr>
<td title='com.amc.Testclasess.execute.CampaignDataValidations.validateCampaignOwnerTest()'><b>validateCampaignOwnerTest</b><br>Test class: com.amc.Testclasess.execute.CampaignDataValidations</td>
<td></td>
<td>0</td>
<td>com.amc.Testclasess.execute.CampaignDataValidations@23180ee3</td></tr>
<tr>
<td title='com.amc.Testclasess.execute.CampaignDataValidations.validateCampaignTitleTest()'><b>validateCampaignTitleTest</b><br>Test class: com.amc.Testclasess.execute.CampaignDataValidations</td>
<td></td>
<td>0</td>
<td>com.amc.Testclasess.execute.CampaignDataValidations@23180ee3</td></tr>
<tr>
<td title='com.amc.Testclasess.execute.MasterTrailerDataValidations.validateExpectedAspectRatioTest()'><b>validateExpectedAspectRatioTest</b><br>Test class: com.amc.Testclasess.execute.MasterTrailerDataValidations</td>
<td></td>
<td>0</td>
<td>com.amc.Testclasess.execute.MasterTrailerDataValidations@10e9aa29</td></tr>
<tr>
<td title='com.amc.Testclasess.execute.TrailerDataValidations.validateExpectedAspectRatioTest()'><b>validateExpectedAspectRatioTest</b><br>Test class: com.amc.Testclasess.execute.TrailerDataValidations</td>
<td></td>
<td>0</td>
<td>com.amc.Testclasess.execute.TrailerDataValidations@48ac2da4</td></tr>
<tr>
<td title='com.amc.Testclasess.execute.MasterTrailerDataValidations.validateExpectedFormatTest()'><b>validateExpectedFormatTest</b><br>Test class: com.amc.Testclasess.execute.MasterTrailerDataValidations</td>
<td></td>
<td>0</td>
<td>com.amc.Testclasess.execute.MasterTrailerDataValidations@10e9aa29</td></tr>
<tr>
<td title='com.amc.Testclasess.execute.TrailerDataValidations.validateExpectedFormatTest()'><b>validateExpectedFormatTest</b><br>Test class: com.amc.Testclasess.execute.TrailerDataValidations</td>
<td></td>
<td>0</td>
<td>com.amc.Testclasess.execute.TrailerDataValidations@48ac2da4</td></tr>
<tr>
<td title='com.amc.Testclasess.execute.MasterTrailerDataValidations.validateExpectedFrameRateTest()'><b>validateExpectedFrameRateTest</b><br>Test class: com.amc.Testclasess.execute.MasterTrailerDataValidations</td>
<td></td>
<td>0</td>
<td>com.amc.Testclasess.execute.MasterTrailerDataValidations@10e9aa29</td></tr>
<tr>
<td title='com.amc.Testclasess.execute.TrailerDataValidations.validateExpectedFrameRateTest()'><b>validateExpectedFrameRateTest</b><br>Test class: com.amc.Testclasess.execute.TrailerDataValidations</td>
<td></td>
<td>0</td>
<td>com.amc.Testclasess.execute.TrailerDataValidations@48ac2da4</td></tr>
<tr>
<td title='com.amc.Testclasess.execute.MasterTrailerDataValidations.validateExpectedVideoCodecTest()'><b>validateExpectedVideoCodecTest</b><br>Test class: com.amc.Testclasess.execute.MasterTrailerDataValidations</td>
<td></td>
<td>0</td>
<td>com.amc.Testclasess.execute.MasterTrailerDataValidations@10e9aa29</td></tr>
<tr>
<td title='com.amc.Testclasess.execute.TrailerDataValidations.validateExpectedVideoCodecTest()'><b>validateExpectedVideoCodecTest</b><br>Test class: com.amc.Testclasess.execute.TrailerDataValidations</td>
<td></td>
<td>0</td>
<td>com.amc.Testclasess.execute.TrailerDataValidations@48ac2da4</td></tr>
<tr>
<td title='com.amc.Testclasess.execute.CampaignDataValidations.validateOwnerNetworkTest()'><b>validateOwnerNetworkTest</b><br>Test class: com.amc.Testclasess.execute.CampaignDataValidations</td>
<td></td>
<td>0</td>
<td>com.amc.Testclasess.execute.CampaignDataValidations@23180ee3</td></tr>
<tr>
<td title='com.amc.Testclasess.execute.TrailerDataValidations.validateOwnerNetworkTest()'><b>validateOwnerNetworkTest</b><br>Test class: com.amc.Testclasess.execute.TrailerDataValidations</td>
<td></td>
<td>0</td>
<td>com.amc.Testclasess.execute.TrailerDataValidations@48ac2da4</td></tr>
<tr>
<td title='com.amc.Testclasess.execute.TrailerDataValidations.validateStartDateTest()'><b>validateStartDateTest</b><br>Test class: com.amc.Testclasess.execute.TrailerDataValidations</td>
<td></td>
<td>0</td>
<td>com.amc.Testclasess.execute.TrailerDataValidations@48ac2da4</td></tr>
<tr>
<td title='com.amc.Testclasess.execute.MasterTrailerDataValidations.validateTitleTest()'><b>validateTitleTest</b><br>Test class: com.amc.Testclasess.execute.MasterTrailerDataValidations</td>
<td></td>
<td>0</td>
<td>com.amc.Testclasess.execute.MasterTrailerDataValidations@10e9aa29</td></tr>
<tr>
<td title='com.amc.Testclasess.execute.TrailerDataValidations.validateTitleTest()'><b>validateTitleTest</b><br>Test class: com.amc.Testclasess.execute.TrailerDataValidations</td>
<td></td>
<td>0</td>
<td>com.amc.Testclasess.execute.TrailerDataValidations@48ac2da4</td></tr>
<tr>
<td title='com.amc.Testclasess.execute.WOP_TrailerCampaign.wopTrailerCampaignTest()'><b>wopTrailerCampaignTest</b><br>Test class: com.amc.Testclasess.execute.WOP_TrailerCampaign</td>
<td></td>
<td>277</td>
<td>com.amc.Testclasess.execute.WOP_TrailerCampaign@16d9c898</td></tr>
</table><p>
</body>
</html>