<?xml version="1.0" encoding="UTF-8"?>
<!-- Generated by org.testng.reporters.JUnitReportReporter -->
<testsuite skipped="0" hostname="MONO-HYD-LAP-41" name="com.amc.Testclasess.execute.TrailerDataValidations" tests="8" failures="1" timestamp="29 Jun 2020 09:22:44 GMT" time="0.034" errors="0">
  <testcase name="validateTitleTest" time="0.007" classname="com.amc.Testclasess.execute.TrailerDataValidations"/>
  <testcase name="validateStartDateTest" time="0.002" classname="com.amc.Testclasess.execute.TrailerDataValidations"/>
  <testcase name="validateEndDateTest" time="0.017" classname="com.amc.Testclasess.execute.TrailerDataValidations">
    <failure type="java.lang.AssertionError" message="The following asserts failed:
	TrailerEndDate:07-06-2020 --- Not Matched with --- [Title:M1_Trailer Test_1, TrailerStartDate:06-06-2020, TrailerEndDate:06-07-2020, OwnerNetwork:AMC, ExpectedTRT:00:02:30, ExpectedFrameRate:29.97fps, ExpectedVideoCodec:DNx HD (SMPTE VC-3), ExpectedAspectRatio:1.78, ExpectedFormat:HD]">
      <![CDATA[java.lang.AssertionError: The following asserts failed:
TrailerEndDate:07-06-2020 --- Not Matched with --- [Title:M1_Trailer Test_1, TrailerStartDate:06-06-2020, TrailerEndDate:06-07-2020, OwnerNetwork:AMC, ExpectedTRT:00:02:30, ExpectedFrameRate:29.97fps, ExpectedVideoCodec:DNx HD (SMPTE VC-3), ExpectedAspectRatio:1.78, ExpectedFormat:HD]
at org.testng.asserts.SoftAssert.assertAll(SoftAssert.java:43)
at com.amc.txrepo.WOP_MPTrailerDataValidations.TrailerFieldscomparison(WOP_MPTrailerDataValidations.java:84)
at com.amc.Testclasess.execute.TrailerDataValidations.validateEndDateTest(TrailerDataValidations.java:79)
at sun.reflect.NativeMethodAccessorImpl.invoke0(Native Method)
at sun.reflect.NativeMethodAccessorImpl.invoke(NativeMethodAccessorImpl.java:62)
at sun.reflect.DelegatingMethodAccessorImpl.invoke(DelegatingMethodAccessorImpl.java:43)
at java.lang.reflect.Method.invoke(Method.java:498)
at org.testng.internal.MethodInvocationHelper.invokeMethod(MethodInvocationHelper.java:124)
at org.testng.internal.Invoker.invokeMethod(Invoker.java:583)
at org.testng.internal.Invoker.invokeTestMethod(Invoker.java:719)
at org.testng.internal.Invoker.invokeTestMethods(Invoker.java:989)
at org.testng.internal.TestMethodWorker.invokeTestMethods(TestMethodWorker.java:125)
at org.testng.internal.TestMethodWorker.run(TestMethodWorker.java:109)
at org.testng.TestRunner.privateRun(TestRunner.java:648)
at org.testng.TestRunner.run(TestRunner.java:505)
at org.testng.SuiteRunner.runTest(SuiteRunner.java:455)
at org.testng.SuiteRunner.runSequentially(SuiteRunner.java:450)
at org.testng.SuiteRunner.privateRun(SuiteRunner.java:415)
at org.testng.SuiteRunner.run(SuiteRunner.java:364)
at org.testng.SuiteRunnerWorker.runSuite(SuiteRunnerWorker.java:52)
at org.testng.SuiteRunnerWorker.run(SuiteRunnerWorker.java:84)
at org.testng.TestNG.runSuitesSequentially(TestNG.java:1208)
at org.testng.TestNG.runSuitesLocally(TestNG.java:1137)
at org.testng.TestNG.runSuites(TestNG.java:1049)
at org.testng.TestNG.run(TestNG.java:1017)
at com.amc.testcases.DynamicTestNG.runTestNGTest(DynamicTestNG.java:87)
at com.amc.testcases.DynamicTestNG.ExecuteScripts(DynamicTestNG.java:97)
at sun.reflect.NativeMethodAccessorImpl.invoke0(Native Method)
at sun.reflect.NativeMethodAccessorImpl.invoke(NativeMethodAccessorImpl.java:62)
at sun.reflect.DelegatingMethodAccessorImpl.invoke(DelegatingMethodAccessorImpl.java:43)
at java.lang.reflect.Method.invoke(Method.java:498)
at org.testng.internal.MethodInvocationHelper.invokeMethod(MethodInvocationHelper.java:124)
at org.testng.internal.Invoker.invokeMethod(Invoker.java:583)
at org.testng.internal.Invoker.invokeTestMethod(Invoker.java:719)
at org.testng.internal.Invoker.invokeTestMethods(Invoker.java:989)
at org.testng.internal.TestMethodWorker.invokeTestMethods(TestMethodWorker.java:125)
at org.testng.internal.TestMethodWorker.run(TestMethodWorker.java:109)
at org.testng.TestRunner.privateRun(TestRunner.java:648)
at org.testng.TestRunner.run(TestRunner.java:505)
at org.testng.SuiteRunner.runTest(SuiteRunner.java:455)
at org.testng.SuiteRunner.runSequentially(SuiteRunner.java:450)
at org.testng.SuiteRunner.privateRun(SuiteRunner.java:415)
at org.testng.SuiteRunner.run(SuiteRunner.java:364)
at org.testng.SuiteRunnerWorker.runSuite(SuiteRunnerWorker.java:52)
at org.testng.SuiteRunnerWorker.run(SuiteRunnerWorker.java:84)
at org.testng.TestNG.runSuitesSequentially(TestNG.java:1208)
at org.testng.TestNG.runSuitesLocally(TestNG.java:1137)
at org.testng.TestNG.runSuites(TestNG.java:1049)
at org.testng.TestNG.run(TestNG.java:1017)
at org.apache.maven.surefire.testng.TestNGExecutor.run(TestNGExecutor.java:178)
at org.apache.maven.surefire.testng.TestNGXmlTestSuite.execute(TestNGXmlTestSuite.java:92)
at org.apache.maven.surefire.testng.TestNGProvider.invoke(TestNGProvider.java:96)
at sun.reflect.NativeMethodAccessorImpl.invoke0(Native Method)
at sun.reflect.NativeMethodAccessorImpl.invoke(NativeMethodAccessorImpl.java:62)
at sun.reflect.DelegatingMethodAccessorImpl.invoke(DelegatingMethodAccessorImpl.java:43)
at java.lang.reflect.Method.invoke(Method.java:498)
at org.apache.maven.surefire.util.ReflectionUtils.invokeMethodWithArray2(ReflectionUtils.java:208)
at org.apache.maven.surefire.booter.ProviderFactory$ProviderProxy.invoke(ProviderFactory.java:159)
at org.apache.maven.surefire.booter.ProviderFactory.invokeProvider(ProviderFactory.java:87)
at org.apache.maven.surefire.booter.ForkedBooter.runSuitesInProcess(ForkedBooter.java:153)
at org.apache.maven.surefire.booter.ForkedBooter.main(ForkedBooter.java:95)
]]>
    </failure>
  </testcase> <!-- validateEndDateTest -->
  <testcase name="validateOwnerNetworkTest" time="0.003" classname="com.amc.Testclasess.execute.TrailerDataValidations"/>
  <testcase name="validateExpectedFrameRateTest" time="0.001" classname="com.amc.Testclasess.execute.TrailerDataValidations"/>
  <testcase name="validateExpectedVideoCodecTest" time="0.002" classname="com.amc.Testclasess.execute.TrailerDataValidations"/>
  <testcase name="validateExpectedAspectRatioTest" time="0.001" classname="com.amc.Testclasess.execute.TrailerDataValidations"/>
  <testcase name="validateExpectedFormatTest" time="0.001" classname="com.amc.Testclasess.execute.TrailerDataValidations"/>
</testsuite> <!-- com.amc.Testclasess.execute.TrailerDataValidations -->
