<?xml version="1.0" encoding="UTF-8" standalone="yes"?>
<ns2:test-suite start="1585047463960" stop="1585048103539" version="1.5.4" xmlns:ns2="urn:model.allure.qatools.yandex.ru">
    <name>Suite : Testclasess</name>
    <title>Suite : Testclasess</title>
    <test-cases>
        <test-case start="1585047466078" stop="1585047500578" status="passed">
            <name>launch</name>
            <steps/>
            <attachments/>
            <labels>
                <label name="testSuite" value="Suite"/>
                <label name="testGroup" value="Testclasess"/>
                <label name="testClass" value="com.amc.Testclasess.execute.WOP_launchAndLogin"/>
                <label name="testMethod" value="launch"/>
                <label name="host" value="MONO-HYD-LAP-44"/>
                <label name="thread" value="7592@MONO-HYD-LAP-44.main(1)"/>
            </labels>
        </test-case>
        <test-case start="1585047500582" stop="1585047897988" status="passed">
            <name>wopTrailerCampaignTest</name>
            <steps>
                <step start="1585047556947" stop="1585047556948" status="passed">
                    <name>logStep[Campaingn Test Is Created with Mandatory Fields Successfully....]</name>
                    <title>Campaingn Test Is Created with Mandatory Fields Successfully....</title>
                    <attachments/>
                    <steps/>
                </step>
                <step start="1585047556949" stop="1585047556949" status="passed">
                    <name>logStep[=================================================================]</name>
                    <title>=================================================================</title>
                    <attachments/>
                    <steps/>
                </step>
                <step start="1585047863726" stop="1585047863726" status="passed">
                    <name>logStep[Master Trailer Test Is Created with Mandatory Fields Successfully....]</name>
                    <title>Master Trailer Test Is Created with Mandatory Fields Successfully....</title>
                    <attachments/>
                    <steps/>
                </step>
                <step start="1585047863729" stop="1585047863729" status="passed">
                    <name>logStep[=================================================================]</name>
                    <title>=================================================================</title>
                    <attachments/>
                    <steps/>
                </step>
            </steps>
            <attachments/>
            <labels>
                <label name="testSuite" value="Suite"/>
                <label name="testGroup" value="Testclasess"/>
                <label name="testClass" value="com.amc.Testclasess.execute.WOP_TrailerCampaign"/>
                <label name="testMethod" value="wopTrailerCampaignTest"/>
                <label name="host" value="MONO-HYD-LAP-44"/>
                <label name="thread" value="7592@MONO-HYD-LAP-44.main(1)"/>
            </labels>
        </test-case>
        <test-case start="1585047897989" stop="1585048014115" status="passed">
            <name>mpLaunchAndLoginTest</name>
            <steps>
                <step start="1585047928954" stop="1585047928954" status="passed">
                    <name>logStep[Browser Launched Successfully..]</name>
                    <title>Browser Launched Successfully..</title>
                    <attachments/>
                    <steps/>
                </step>
            </steps>
            <attachments/>
            <labels>
                <label name="testSuite" value="Suite"/>
                <label name="testGroup" value="Testclasess"/>
                <label name="testClass" value="com.amc.Testclasess.execute.MP_launchAndLogin"/>
                <label name="testMethod" value="mpLaunchAndLoginTest"/>
                <label name="host" value="MONO-HYD-LAP-44"/>
                <label name="thread" value="7592@MONO-HYD-LAP-44.main(1)"/>
            </labels>
        </test-case>
        <test-case start="1585048014117" stop="1585048050610" status="broken">
            <name>CampaginIntigrationFromWOPtoMP</name>
            <title>CampaginIntigrationFromWOPtoMP</title>
            <failure>
                <message>FindFailed: D:/AMC Networks/Automation/CoreWorkStreamsTeam_B/Pictures/WopImages/TitleClick.PNG: (41x38) in S(0)[0,0 1366x768] E:Y, T:3.0</message>
                <stack-trace>FindFailed: D:/AMC Networks/Automation/CoreWorkStreamsTeam_B/Pictures/WopImages/TitleClick.PNG: (41x38) in S(0)[0,0 1366x768] E:Y, T:3.0
  Line 2782, in file Region.java

	at org.sikuli.script.Region.wait(Region.java:2782)
	at com.amc.txbase.TxBase.imageFindClick(TxBase.java:671)
	at com.amc.txrepo.MP_CampaignObjects.campaignProjectSelection(MP_CampaignObjects.java:82)
	at com.amc.Testclasess.execute.MP_campaignData.CampaginIntigrationFromWOPtoMP(MP_campaignData.java:42)
	at sun.reflect.NativeMethodAccessorImpl.invoke0(Native Method)
	at sun.reflect.NativeMethodAccessorImpl.invoke(NativeMethodAccessorImpl.java:62)
	at sun.reflect.DelegatingMethodAccessorImpl.invoke(DelegatingMethodAccessorImpl.java:43)
	at java.lang.reflect.Method.invoke(Method.java:498)
	at org.testng.internal.MethodInvocationHelper.invokeMethod(MethodInvocationHelper.java:124)
	at org.testng.internal.Invoker.invokeMethod(Invoker.java:583)
	at org.testng.internal.Invoker.invokeTestMethod(Invoker.java:719)
	at org.testng.internal.Invoker.invokeTestMethods(Invoker.java:989)
	at org.testng.internal.TestMethodWorker.invokeTestMethods(TestMethodWorker.java:125)
	at org.testng.internal.TestMethodWorker.run(TestMethodWorker.java:109)
	at org.testng.TestRunner.privateRun(TestRunner.java:648)
	at org.testng.TestRunner.run(TestRunner.java:505)
	at org.testng.SuiteRunner.runTest(SuiteRunner.java:455)
	at org.testng.SuiteRunner.runSequentially(SuiteRunner.java:450)
	at org.testng.SuiteRunner.privateRun(SuiteRunner.java:415)
	at org.testng.SuiteRunner.run(SuiteRunner.java:364)
	at org.testng.SuiteRunnerWorker.runSuite(SuiteRunnerWorker.java:52)
	at org.testng.SuiteRunnerWorker.run(SuiteRunnerWorker.java:84)
	at org.testng.TestNG.runSuitesSequentially(TestNG.java:1208)
	at org.testng.TestNG.runSuitesLocally(TestNG.java:1137)
	at org.testng.TestNG.runSuites(TestNG.java:1049)
	at org.testng.TestNG.run(TestNG.java:1017)
	at com.amc.testcases.DynamicTestNG.runTestNGTest(DynamicTestNG.java:87)
	at com.amc.testcases.DynamicTestNG.ExecuteScripts(DynamicTestNG.java:97)
	at sun.reflect.NativeMethodAccessorImpl.invoke0(Native Method)
	at sun.reflect.NativeMethodAccessorImpl.invoke(NativeMethodAccessorImpl.java:62)
	at sun.reflect.DelegatingMethodAccessorImpl.invoke(DelegatingMethodAccessorImpl.java:43)
	at java.lang.reflect.Method.invoke(Method.java:498)
	at org.testng.internal.MethodInvocationHelper.invokeMethod(MethodInvocationHelper.java:124)
	at org.testng.internal.Invoker.invokeMethod(Invoker.java:583)
	at org.testng.internal.Invoker.invokeTestMethod(Invoker.java:719)
	at org.testng.internal.Invoker.invokeTestMethods(Invoker.java:989)
	at org.testng.internal.TestMethodWorker.invokeTestMethods(TestMethodWorker.java:125)
	at org.testng.internal.TestMethodWorker.run(TestMethodWorker.java:109)
	at org.testng.TestRunner.privateRun(TestRunner.java:648)
	at org.testng.TestRunner.run(TestRunner.java:505)
	at org.testng.SuiteRunner.runTest(SuiteRunner.java:455)
	at org.testng.SuiteRunner.runSequentially(SuiteRunner.java:450)
	at org.testng.SuiteRunner.privateRun(SuiteRunner.java:415)
	at org.testng.SuiteRunner.run(SuiteRunner.java:364)
	at org.testng.SuiteRunnerWorker.runSuite(SuiteRunnerWorker.java:52)
	at org.testng.SuiteRunnerWorker.run(SuiteRunnerWorker.java:84)
	at org.testng.TestNG.runSuitesSequentially(TestNG.java:1208)
	at org.testng.TestNG.runSuitesLocally(TestNG.java:1137)
	at org.testng.TestNG.runSuites(TestNG.java:1049)
	at org.testng.TestNG.run(TestNG.java:1017)
	at org.testng.remote.AbstractRemoteTestNG.run(AbstractRemoteTestNG.java:114)
	at org.testng.remote.RemoteTestNG.initAndRun(RemoteTestNG.java:251)
	at org.testng.remote.RemoteTestNG.main(RemoteTestNG.java:77)
</stack-trace>
            </failure>
            <steps>
                <step start="1585048036798" stop="1585048036798" status="passed">
                    <name>logStep[WOP Campaign Data is Integrated Successfully With MP:Campaign Test_1567]</name>
                    <title>WOP Campaign Data is Integrated Successfully With MP:Campaign Test_1567</title>
                </step>
            </steps>
            <attachments/>
            <labels>
                <label name="testSuite" value="Suite"/>
                <label name="testGroup" value="Testclasess"/>
                <label name="testClass" value="com.amc.Testclasess.execute.MP_campaignData"/>
                <label name="testMethod" value="CampaginIntigrationFromWOPtoMP"/>
                <label name="story" value="Campaign/MasterTrailer/Trailer"/>
                <label name="feature" value="Campaign Creation"/>
                <label name="host" value="MONO-HYD-LAP-44"/>
                <label name="thread" value="7592@MONO-HYD-LAP-44.main(1)"/>
            </labels>
        </test-case>
        <test-case start="1585048050611" stop="1585048052612" status="broken">
            <name>campaignHierarchycomparison</name>
            <title>campaignHierarchycomparison</title>
            <failure>
                <message>IndexOutOfBoundsException: Index: 0, Size: 0</message>
                <stack-trace>java.lang.IndexOutOfBoundsException: Index: 0, Size: 0
	at java.util.ArrayList.rangeCheck(ArrayList.java:657)
	at java.util.ArrayList.get(ArrayList.java:433)
	at com.amc.txrepo.WOPtoMP_CampaignHierarchyValidation.campaignHierarchycomparison(WOPtoMP_CampaignHierarchyValidation.java:17)
	at com.amc.Testclasess.execute.CampaignHierarchyValidations.campaignHierarchycomparison(CampaignHierarchyValidations.java:34)
	at sun.reflect.NativeMethodAccessorImpl.invoke0(Native Method)
	at sun.reflect.NativeMethodAccessorImpl.invoke(NativeMethodAccessorImpl.java:62)
	at sun.reflect.DelegatingMethodAccessorImpl.invoke(DelegatingMethodAccessorImpl.java:43)
	at java.lang.reflect.Method.invoke(Method.java:498)
	at org.testng.internal.MethodInvocationHelper.invokeMethod(MethodInvocationHelper.java:124)
	at org.testng.internal.Invoker.invokeMethod(Invoker.java:583)
	at org.testng.internal.Invoker.invokeTestMethod(Invoker.java:719)
	at org.testng.internal.Invoker.invokeTestMethods(Invoker.java:989)
	at org.testng.internal.TestMethodWorker.invokeTestMethods(TestMethodWorker.java:125)
	at org.testng.internal.TestMethodWorker.run(TestMethodWorker.java:109)
	at org.testng.TestRunner.privateRun(TestRunner.java:648)
	at org.testng.TestRunner.run(TestRunner.java:505)
	at org.testng.SuiteRunner.runTest(SuiteRunner.java:455)
	at org.testng.SuiteRunner.runSequentially(SuiteRunner.java:450)
	at org.testng.SuiteRunner.privateRun(SuiteRunner.java:415)
	at org.testng.SuiteRunner.run(SuiteRunner.java:364)
	at org.testng.SuiteRunnerWorker.runSuite(SuiteRunnerWorker.java:52)
	at org.testng.SuiteRunnerWorker.run(SuiteRunnerWorker.java:84)
	at org.testng.TestNG.runSuitesSequentially(TestNG.java:1208)
	at org.testng.TestNG.runSuitesLocally(TestNG.java:1137)
	at org.testng.TestNG.runSuites(TestNG.java:1049)
	at org.testng.TestNG.run(TestNG.java:1017)
	at com.amc.testcases.DynamicTestNG.runTestNGTest(DynamicTestNG.java:87)
	at com.amc.testcases.DynamicTestNG.ExecuteScripts(DynamicTestNG.java:97)
	at sun.reflect.NativeMethodAccessorImpl.invoke0(Native Method)
	at sun.reflect.NativeMethodAccessorImpl.invoke(NativeMethodAccessorImpl.java:62)
	at sun.reflect.DelegatingMethodAccessorImpl.invoke(DelegatingMethodAccessorImpl.java:43)
	at java.lang.reflect.Method.invoke(Method.java:498)
	at org.testng.internal.MethodInvocationHelper.invokeMethod(MethodInvocationHelper.java:124)
	at org.testng.internal.Invoker.invokeMethod(Invoker.java:583)
	at org.testng.internal.Invoker.invokeTestMethod(Invoker.java:719)
	at org.testng.internal.Invoker.invokeTestMethods(Invoker.java:989)
	at org.testng.internal.TestMethodWorker.invokeTestMethods(TestMethodWorker.java:125)
	at org.testng.internal.TestMethodWorker.run(TestMethodWorker.java:109)
	at org.testng.TestRunner.privateRun(TestRunner.java:648)
	at org.testng.TestRunner.run(TestRunner.java:505)
	at org.testng.SuiteRunner.runTest(SuiteRunner.java:455)
	at org.testng.SuiteRunner.runSequentially(SuiteRunner.java:450)
	at org.testng.SuiteRunner.privateRun(SuiteRunner.java:415)
	at org.testng.SuiteRunner.run(SuiteRunner.java:364)
	at org.testng.SuiteRunnerWorker.runSuite(SuiteRunnerWorker.java:52)
	at org.testng.SuiteRunnerWorker.run(SuiteRunnerWorker.java:84)
	at org.testng.TestNG.runSuitesSequentially(TestNG.java:1208)
	at org.testng.TestNG.runSuitesLocally(TestNG.java:1137)
	at org.testng.TestNG.runSuites(TestNG.java:1049)
	at org.testng.TestNG.run(TestNG.java:1017)
	at org.testng.remote.AbstractRemoteTestNG.run(AbstractRemoteTestNG.java:114)
	at org.testng.remote.RemoteTestNG.initAndRun(RemoteTestNG.java:251)
	at org.testng.remote.RemoteTestNG.main(RemoteTestNG.java:77)
</stack-trace>
            </failure>
            <steps/>
            <attachments/>
            <labels>
                <label name="testSuite" value="Suite"/>
                <label name="testGroup" value="Testclasess"/>
                <label name="testClass" value="com.amc.Testclasess.execute.CampaignHierarchyValidations"/>
                <label name="testMethod" value="campaignHierarchycomparison"/>
                <label name="story" value="Campaign/MasterTrailer/Trailer"/>
                <label name="feature" value="Campaign Creation"/>
                <label name="host" value="MONO-HYD-LAP-44"/>
                <label name="thread" value="7592@MONO-HYD-LAP-44.main(1)"/>
            </labels>
        </test-case>
        <test-case start="1585048052613" stop="1585048079156" status="broken">
            <name>CampaignDataComparion</name>
            <title>CampaignDataComparion</title>
            <failure>
                <message>FindFailed: D:/AMC Networks/Automation/CoreWorkStreamsTeam_B/Pictures/WopImages/CampaignDataNetwork.PNG: (188x26) in S(0)[0,0 1366x768] E:Y, T:3.0</message>
                <stack-trace>FindFailed: D:/AMC Networks/Automation/CoreWorkStreamsTeam_B/Pictures/WopImages/CampaignDataNetwork.PNG: (188x26) in S(0)[0,0 1366x768] E:Y, T:3.0
  Line 2782, in file Region.java

	at org.sikuli.script.Region.wait(Region.java:2782)
	at com.amc.txbase.TxBase.imagecopyText(TxBase.java:640)
	at com.amc.txrepo.WOPtoMP_CampaignDataValidation.campaignDataSelection(WOPtoMP_CampaignDataValidation.java:26)
	at com.amc.Testclasess.execute.CampaignDataValidations.CampaignDataComparion(CampaignDataValidations.java:38)
	at sun.reflect.NativeMethodAccessorImpl.invoke0(Native Method)
	at sun.reflect.NativeMethodAccessorImpl.invoke(NativeMethodAccessorImpl.java:62)
	at sun.reflect.DelegatingMethodAccessorImpl.invoke(DelegatingMethodAccessorImpl.java:43)
	at java.lang.reflect.Method.invoke(Method.java:498)
	at org.testng.internal.MethodInvocationHelper.invokeMethod(MethodInvocationHelper.java:124)
	at org.testng.internal.Invoker.invokeMethod(Invoker.java:583)
	at org.testng.internal.Invoker.invokeTestMethod(Invoker.java:719)
	at org.testng.internal.Invoker.invokeTestMethods(Invoker.java:989)
	at org.testng.internal.TestMethodWorker.invokeTestMethods(TestMethodWorker.java:125)
	at org.testng.internal.TestMethodWorker.run(TestMethodWorker.java:109)
	at org.testng.TestRunner.privateRun(TestRunner.java:648)
	at org.testng.TestRunner.run(TestRunner.java:505)
	at org.testng.SuiteRunner.runTest(SuiteRunner.java:455)
	at org.testng.SuiteRunner.runSequentially(SuiteRunner.java:450)
	at org.testng.SuiteRunner.privateRun(SuiteRunner.java:415)
	at org.testng.SuiteRunner.run(SuiteRunner.java:364)
	at org.testng.SuiteRunnerWorker.runSuite(SuiteRunnerWorker.java:52)
	at org.testng.SuiteRunnerWorker.run(SuiteRunnerWorker.java:84)
	at org.testng.TestNG.runSuitesSequentially(TestNG.java:1208)
	at org.testng.TestNG.runSuitesLocally(TestNG.java:1137)
	at org.testng.TestNG.runSuites(TestNG.java:1049)
	at org.testng.TestNG.run(TestNG.java:1017)
	at com.amc.testcases.DynamicTestNG.runTestNGTest(DynamicTestNG.java:87)
	at com.amc.testcases.DynamicTestNG.ExecuteScripts(DynamicTestNG.java:97)
	at sun.reflect.NativeMethodAccessorImpl.invoke0(Native Method)
	at sun.reflect.NativeMethodAccessorImpl.invoke(NativeMethodAccessorImpl.java:62)
	at sun.reflect.DelegatingMethodAccessorImpl.invoke(DelegatingMethodAccessorImpl.java:43)
	at java.lang.reflect.Method.invoke(Method.java:498)
	at org.testng.internal.MethodInvocationHelper.invokeMethod(MethodInvocationHelper.java:124)
	at org.testng.internal.Invoker.invokeMethod(Invoker.java:583)
	at org.testng.internal.Invoker.invokeTestMethod(Invoker.java:719)
	at org.testng.internal.Invoker.invokeTestMethods(Invoker.java:989)
	at org.testng.internal.TestMethodWorker.invokeTestMethods(TestMethodWorker.java:125)
	at org.testng.internal.TestMethodWorker.run(TestMethodWorker.java:109)
	at org.testng.TestRunner.privateRun(TestRunner.java:648)
	at org.testng.TestRunner.run(TestRunner.java:505)
	at org.testng.SuiteRunner.runTest(SuiteRunner.java:455)
	at org.testng.SuiteRunner.runSequentially(SuiteRunner.java:450)
	at org.testng.SuiteRunner.privateRun(SuiteRunner.java:415)
	at org.testng.SuiteRunner.run(SuiteRunner.java:364)
	at org.testng.SuiteRunnerWorker.runSuite(SuiteRunnerWorker.java:52)
	at org.testng.SuiteRunnerWorker.run(SuiteRunnerWorker.java:84)
	at org.testng.TestNG.runSuitesSequentially(TestNG.java:1208)
	at org.testng.TestNG.runSuitesLocally(TestNG.java:1137)
	at org.testng.TestNG.runSuites(TestNG.java:1049)
	at org.testng.TestNG.run(TestNG.java:1017)
	at org.testng.remote.AbstractRemoteTestNG.run(AbstractRemoteTestNG.java:114)
	at org.testng.remote.RemoteTestNG.initAndRun(RemoteTestNG.java:251)
	at org.testng.remote.RemoteTestNG.main(RemoteTestNG.java:77)
</stack-trace>
            </failure>
            <steps/>
            <attachments/>
            <labels>
                <label name="testSuite" value="Suite"/>
                <label name="testGroup" value="Testclasess"/>
                <label name="testClass" value="com.amc.Testclasess.execute.CampaignDataValidations"/>
                <label name="testMethod" value="CampaignDataComparion"/>
                <label name="story" value="Campaign/MasterTrailer/Trailer"/>
                <label name="feature" value="Campaign Creation"/>
                <label name="host" value="MONO-HYD-LAP-44"/>
                <label name="thread" value="7592@MONO-HYD-LAP-44.main(1)"/>
            </labels>
        </test-case>
        <test-case start="1585048079157" stop="1585048091379" status="broken">
            <name>MasterTrailerComparion</name>
            <title>CampaignDataComparion</title>
            <failure>
                <message>FindFailed: D:/AMC Networks/Automation/CoreWorkStreamsTeam_B/Pictures/WopImages/M1Trailer1CategoryD.PNG: (260x31) in S(0)[0,0 1366x768] E:Y, T:3.0</message>
                <stack-trace>FindFailed: D:/AMC Networks/Automation/CoreWorkStreamsTeam_B/Pictures/WopImages/M1Trailer1CategoryD.PNG: (260x31) in S(0)[0,0 1366x768] E:Y, T:3.0
  Line 2782, in file Region.java

	at org.sikuli.script.Region.wait(Region.java:2782)
	at com.amc.txbase.TxBase.imagecopyText(TxBase.java:640)
	at com.amc.txrepo.WOP_MPMasterTrailerDataValidations.masterTrailer2DataSelection(WOP_MPMasterTrailerDataValidations.java:25)
	at com.amc.Testclasess.execute.MasterTrailerDataValidations.MasterTrailerComparion(MasterTrailerDataValidations.java:39)
	at sun.reflect.NativeMethodAccessorImpl.invoke0(Native Method)
	at sun.reflect.NativeMethodAccessorImpl.invoke(NativeMethodAccessorImpl.java:62)
	at sun.reflect.DelegatingMethodAccessorImpl.invoke(DelegatingMethodAccessorImpl.java:43)
	at java.lang.reflect.Method.invoke(Method.java:498)
	at org.testng.internal.MethodInvocationHelper.invokeMethod(MethodInvocationHelper.java:124)
	at org.testng.internal.Invoker.invokeMethod(Invoker.java:583)
	at org.testng.internal.Invoker.invokeTestMethod(Invoker.java:719)
	at org.testng.internal.Invoker.invokeTestMethods(Invoker.java:989)
	at org.testng.internal.TestMethodWorker.invokeTestMethods(TestMethodWorker.java:125)
	at org.testng.internal.TestMethodWorker.run(TestMethodWorker.java:109)
	at org.testng.TestRunner.privateRun(TestRunner.java:648)
	at org.testng.TestRunner.run(TestRunner.java:505)
	at org.testng.SuiteRunner.runTest(SuiteRunner.java:455)
	at org.testng.SuiteRunner.runSequentially(SuiteRunner.java:450)
	at org.testng.SuiteRunner.privateRun(SuiteRunner.java:415)
	at org.testng.SuiteRunner.run(SuiteRunner.java:364)
	at org.testng.SuiteRunnerWorker.runSuite(SuiteRunnerWorker.java:52)
	at org.testng.SuiteRunnerWorker.run(SuiteRunnerWorker.java:84)
	at org.testng.TestNG.runSuitesSequentially(TestNG.java:1208)
	at org.testng.TestNG.runSuitesLocally(TestNG.java:1137)
	at org.testng.TestNG.runSuites(TestNG.java:1049)
	at org.testng.TestNG.run(TestNG.java:1017)
	at com.amc.testcases.DynamicTestNG.runTestNGTest(DynamicTestNG.java:87)
	at com.amc.testcases.DynamicTestNG.ExecuteScripts(DynamicTestNG.java:97)
	at sun.reflect.NativeMethodAccessorImpl.invoke0(Native Method)
	at sun.reflect.NativeMethodAccessorImpl.invoke(NativeMethodAccessorImpl.java:62)
	at sun.reflect.DelegatingMethodAccessorImpl.invoke(DelegatingMethodAccessorImpl.java:43)
	at java.lang.reflect.Method.invoke(Method.java:498)
	at org.testng.internal.MethodInvocationHelper.invokeMethod(MethodInvocationHelper.java:124)
	at org.testng.internal.Invoker.invokeMethod(Invoker.java:583)
	at org.testng.internal.Invoker.invokeTestMethod(Invoker.java:719)
	at org.testng.internal.Invoker.invokeTestMethods(Invoker.java:989)
	at org.testng.internal.TestMethodWorker.invokeTestMethods(TestMethodWorker.java:125)
	at org.testng.internal.TestMethodWorker.run(TestMethodWorker.java:109)
	at org.testng.TestRunner.privateRun(TestRunner.java:648)
	at org.testng.TestRunner.run(TestRunner.java:505)
	at org.testng.SuiteRunner.runTest(SuiteRunner.java:455)
	at org.testng.SuiteRunner.runSequentially(SuiteRunner.java:450)
	at org.testng.SuiteRunner.privateRun(SuiteRunner.java:415)
	at org.testng.SuiteRunner.run(SuiteRunner.java:364)
	at org.testng.SuiteRunnerWorker.runSuite(SuiteRunnerWorker.java:52)
	at org.testng.SuiteRunnerWorker.run(SuiteRunnerWorker.java:84)
	at org.testng.TestNG.runSuitesSequentially(TestNG.java:1208)
	at org.testng.TestNG.runSuitesLocally(TestNG.java:1137)
	at org.testng.TestNG.runSuites(TestNG.java:1049)
	at org.testng.TestNG.run(TestNG.java:1017)
	at org.testng.remote.AbstractRemoteTestNG.run(AbstractRemoteTestNG.java:114)
	at org.testng.remote.RemoteTestNG.initAndRun(RemoteTestNG.java:251)
	at org.testng.remote.RemoteTestNG.main(RemoteTestNG.java:77)
</stack-trace>
            </failure>
            <steps/>
            <attachments/>
            <labels>
                <label name="testSuite" value="Suite"/>
                <label name="testGroup" value="Testclasess"/>
                <label name="testClass" value="com.amc.Testclasess.execute.MasterTrailerDataValidations"/>
                <label name="testMethod" value="MasterTrailerComparion"/>
                <label name="story" value="Campaign/MasterTrailer/Trailer"/>
                <label name="feature" value="Campaign Creation"/>
                <label name="host" value="MONO-HYD-LAP-44"/>
                <label name="thread" value="7592@MONO-HYD-LAP-44.main(1)"/>
            </labels>
        </test-case>
        <test-case start="1585048091380" stop="1585048103516" status="broken">
            <name>trailerDataComparison</name>
            <title>trailerDataComparison</title>
            <failure>
                <message>FindFailed: D:/AMC Networks/Automation/CoreWorkStreamsTeam_B/Pictures/WopImages/TrailerTypeD.PNG: (271x34) in S(0)[0,0 1366x768] E:Y, T:3.0</message>
                <stack-trace>FindFailed: D:/AMC Networks/Automation/CoreWorkStreamsTeam_B/Pictures/WopImages/TrailerTypeD.PNG: (271x34) in S(0)[0,0 1366x768] E:Y, T:3.0
  Line 2782, in file Region.java

	at org.sikuli.script.Region.wait(Region.java:2782)
	at com.amc.txbase.TxBase.imagecopyText(TxBase.java:640)
	at com.amc.txrepo.WOP_MPTrailerDataValidations.trailerDataSelection(WOP_MPTrailerDataValidations.java:25)
	at com.amc.Testclasess.execute.TrailerDataValidations.trailerDataComparison(TrailerDataValidations.java:41)
	at sun.reflect.NativeMethodAccessorImpl.invoke0(Native Method)
	at sun.reflect.NativeMethodAccessorImpl.invoke(NativeMethodAccessorImpl.java:62)
	at sun.reflect.DelegatingMethodAccessorImpl.invoke(DelegatingMethodAccessorImpl.java:43)
	at java.lang.reflect.Method.invoke(Method.java:498)
	at org.testng.internal.MethodInvocationHelper.invokeMethod(MethodInvocationHelper.java:124)
	at org.testng.internal.Invoker.invokeMethod(Invoker.java:583)
	at org.testng.internal.Invoker.invokeTestMethod(Invoker.java:719)
	at org.testng.internal.Invoker.invokeTestMethods(Invoker.java:989)
	at org.testng.internal.TestMethodWorker.invokeTestMethods(TestMethodWorker.java:125)
	at org.testng.internal.TestMethodWorker.run(TestMethodWorker.java:109)
	at org.testng.TestRunner.privateRun(TestRunner.java:648)
	at org.testng.TestRunner.run(TestRunner.java:505)
	at org.testng.SuiteRunner.runTest(SuiteRunner.java:455)
	at org.testng.SuiteRunner.runSequentially(SuiteRunner.java:450)
	at org.testng.SuiteRunner.privateRun(SuiteRunner.java:415)
	at org.testng.SuiteRunner.run(SuiteRunner.java:364)
	at org.testng.SuiteRunnerWorker.runSuite(SuiteRunnerWorker.java:52)
	at org.testng.SuiteRunnerWorker.run(SuiteRunnerWorker.java:84)
	at org.testng.TestNG.runSuitesSequentially(TestNG.java:1208)
	at org.testng.TestNG.runSuitesLocally(TestNG.java:1137)
	at org.testng.TestNG.runSuites(TestNG.java:1049)
	at org.testng.TestNG.run(TestNG.java:1017)
	at com.amc.testcases.DynamicTestNG.runTestNGTest(DynamicTestNG.java:87)
	at com.amc.testcases.DynamicTestNG.ExecuteScripts(DynamicTestNG.java:97)
	at sun.reflect.NativeMethodAccessorImpl.invoke0(Native Method)
	at sun.reflect.NativeMethodAccessorImpl.invoke(NativeMethodAccessorImpl.java:62)
	at sun.reflect.DelegatingMethodAccessorImpl.invoke(DelegatingMethodAccessorImpl.java:43)
	at java.lang.reflect.Method.invoke(Method.java:498)
	at org.testng.internal.MethodInvocationHelper.invokeMethod(MethodInvocationHelper.java:124)
	at org.testng.internal.Invoker.invokeMethod(Invoker.java:583)
	at org.testng.internal.Invoker.invokeTestMethod(Invoker.java:719)
	at org.testng.internal.Invoker.invokeTestMethods(Invoker.java:989)
	at org.testng.internal.TestMethodWorker.invokeTestMethods(TestMethodWorker.java:125)
	at org.testng.internal.TestMethodWorker.run(TestMethodWorker.java:109)
	at org.testng.TestRunner.privateRun(TestRunner.java:648)
	at org.testng.TestRunner.run(TestRunner.java:505)
	at org.testng.SuiteRunner.runTest(SuiteRunner.java:455)
	at org.testng.SuiteRunner.runSequentially(SuiteRunner.java:450)
	at org.testng.SuiteRunner.privateRun(SuiteRunner.java:415)
	at org.testng.SuiteRunner.run(SuiteRunner.java:364)
	at org.testng.SuiteRunnerWorker.runSuite(SuiteRunnerWorker.java:52)
	at org.testng.SuiteRunnerWorker.run(SuiteRunnerWorker.java:84)
	at org.testng.TestNG.runSuitesSequentially(TestNG.java:1208)
	at org.testng.TestNG.runSuitesLocally(TestNG.java:1137)
	at org.testng.TestNG.runSuites(TestNG.java:1049)
	at org.testng.TestNG.run(TestNG.java:1017)
	at org.testng.remote.AbstractRemoteTestNG.run(AbstractRemoteTestNG.java:114)
	at org.testng.remote.RemoteTestNG.initAndRun(RemoteTestNG.java:251)
	at org.testng.remote.RemoteTestNG.main(RemoteTestNG.java:77)
</stack-trace>
            </failure>
            <steps/>
            <attachments/>
            <labels>
                <label name="testSuite" value="Suite"/>
                <label name="testGroup" value="Testclasess"/>
                <label name="testClass" value="com.amc.Testclasess.execute.TrailerDataValidations"/>
                <label name="testMethod" value="trailerDataComparison"/>
                <label name="story" value="Campaign/MasterTrailer/Trailer"/>
                <label name="feature" value="Campaign Creation"/>
                <label name="host" value="MONO-HYD-LAP-44"/>
                <label name="thread" value="7592@MONO-HYD-LAP-44.main(1)"/>
            </labels>
        </test-case>
    </test-cases>
    <labels>
        <label name="framework" value="TestNG"/>
        <label name="language" value="JAVA"/>
    </labels>
</ns2:test-suite>
