<?xml version="1.0" encoding="UTF-8" standalone="yes"?>
<ns2:test-suite start="1585206326437" stop="1585207069497" version="1.5.4" xmlns:ns2="urn:model.allure.qatools.yandex.ru">
    <name>Suite : Testclasess</name>
    <title>Suite : Testclasess</title>
    <test-cases>
        <test-case start="1585206328558" stop="1585206365212" status="passed">
            <name>launch</name>
            <steps/>
            <attachments/>
            <labels>
                <label name="testSuite" value="Suite"/>
                <label name="testGroup" value="Testclasess"/>
                <label name="testClass" value="com.amc.Testclasess.execute.WOP_launchAndLogin"/>
                <label name="testMethod" value="launch"/>
                <label name="host" value="MONO-HYD-LAP-44"/>
                <label name="thread" value="39648@MONO-HYD-LAP-44.main(1)"/>
            </labels>
        </test-case>
        <test-case start="1585206365218" stop="1585206754375" status="passed">
            <name>wopTrailerCampaignTest</name>
            <steps>
                <step start="1585206421621" stop="1585206421623" status="passed">
                    <name>logStep[Campaingn Test Is Created with Mandatory Fields Successfully....]</name>
                    <title>Campaingn Test Is Created with Mandatory Fields Successfully....</title>
                    <attachments/>
                    <steps/>
                </step>
                <step start="1585206421623" stop="1585206421623" status="passed">
                    <name>logStep[=================================================================]</name>
                    <title>=================================================================</title>
                    <attachments/>
                    <steps/>
                </step>
                <step start="1585206720777" stop="1585206720777" status="passed">
                    <name>logStep[Master Trailer Test Is Created with Mandatory Fields Successfully....]</name>
                    <title>Master Trailer Test Is Created with Mandatory Fields Successfully....</title>
                    <attachments/>
                    <steps/>
                </step>
                <step start="1585206720778" stop="1585206720778" status="passed">
                    <name>logStep[=================================================================]</name>
                    <title>=================================================================</title>
                    <attachments/>
                    <steps/>
                </step>
            </steps>
            <attachments/>
            <labels>
                <label name="testSuite" value="Suite"/>
                <label name="testGroup" value="Testclasess"/>
                <label name="testClass" value="com.amc.Testclasess.execute.WOP_TrailerCampaign"/>
                <label name="testMethod" value="wopTrailerCampaignTest"/>
                <label name="host" value="MONO-HYD-LAP-44"/>
                <label name="thread" value="39648@MONO-HYD-LAP-44.main(1)"/>
            </labels>
        </test-case>
        <test-case start="1585206754376" stop="1585206869506" status="passed">
            <name>mpLaunchAndLoginTest</name>
            <steps>
                <step start="1585206785370" stop="1585206785370" status="passed">
                    <name>logStep[Browser Launched Successfully..]</name>
                    <title>Browser Launched Successfully..</title>
                    <attachments/>
                    <steps/>
                </step>
            </steps>
            <attachments/>
            <labels>
                <label name="testSuite" value="Suite"/>
                <label name="testGroup" value="Testclasess"/>
                <label name="testClass" value="com.amc.Testclasess.execute.MP_launchAndLogin"/>
                <label name="testMethod" value="mpLaunchAndLoginTest"/>
                <label name="host" value="MONO-HYD-LAP-44"/>
                <label name="thread" value="39648@MONO-HYD-LAP-44.main(1)"/>
            </labels>
        </test-case>
        <test-case start="1585206869508" stop="1585206965685" status="passed">
            <name>CampaginIntigrationFromWOPtoMP</name>
            <title>CampaginIntigrationFromWOPtoMP</title>
            <steps>
                <step start="1585206889560" stop="1585206889560" status="passed">
                    <name>logStep[WOP Campaign Data is Integrated Successfully With MP:Campaign Test_1567]</name>
                    <title>WOP Campaign Data is Integrated Successfully With MP:Campaign Test_1567</title>
                    <attachments/>
                    <steps/>
                </step>
            </steps>
            <attachments/>
            <labels>
                <label name="testSuite" value="Suite"/>
                <label name="testGroup" value="Testclasess"/>
                <label name="testClass" value="com.amc.Testclasess.execute.MP_campaignData"/>
                <label name="testMethod" value="CampaginIntigrationFromWOPtoMP"/>
                <label name="story" value="Campaign/MasterTrailer/Trailer"/>
                <label name="feature" value="Campaign Creation"/>
                <label name="host" value="MONO-HYD-LAP-44"/>
                <label name="thread" value="39648@MONO-HYD-LAP-44.main(1)"/>
            </labels>
        </test-case>
        <test-case start="1585206965694" stop="1585206967701" status="passed">
            <name>campaignHierarchycomparison</name>
            <title>campaignHierarchycomparison</title>
            <steps>
                <step start="1585206967699" stop="1585206967699" status="passed">
                    <name>logStep[WOP Campaign Hierachy (Campaign Test_1567) MP Campaign Hierachy (Campaign Test_1567) Matched ]</name>
                    <title>WOP Campaign Hierachy (Campaign Test_1567) MP Campaign Hierachy (Campaign Test_1567) Matched </title>
                    <attachments/>
                    <steps/>
                </step>
                <step start="1585206967699" stop="1585206967699" status="passed">
                    <name>logStep[WOP Campaign Hierachy (Master Trailer_1) MP Campaign Hierachy (Master Trailer_1) Matched ]</name>
                    <title>WOP Campaign Hierachy (Master Trailer_1) MP Campaign Hierachy (Master Trailer_1) Matched </title>
                    <attachments/>
                    <steps/>
                </step>
                <step start="1585206967700" stop="1585206967700" status="passed">
                    <name>logStep[WOP Campaign Hierachy (M1_Trailer Test_1) MP Campaign Hierachy (M1_Trailer Test_1) Matched ]</name>
                    <title>WOP Campaign Hierachy (M1_Trailer Test_1) MP Campaign Hierachy (M1_Trailer Test_1) Matched </title>
                    <attachments/>
                    <steps/>
                </step>
                <step start="1585206967700" stop="1585206967700" status="passed">
                    <name>logStep[WOP Campaign Hierachy (Master Trailer_2) MP Campaign Hierachy (Master Trailer_2) Matched ]</name>
                    <title>WOP Campaign Hierachy (Master Trailer_2) MP Campaign Hierachy (Master Trailer_2) Matched </title>
                    <attachments/>
                    <steps/>
                </step>
                <step start="1585206967701" stop="1585206967701" status="passed">
                    <name>logStep[WOP Campaign Hierachy (M2_Trailer Test_1) MP Campaign Hierachy (M2_Trailer Test_1) Matched ]</name>
                    <title>WOP Campaign Hierachy (M2_Trailer Test_1) MP Campaign Hierachy (M2_Trailer Test_1) Matched </title>
                    <attachments/>
                    <steps/>
                </step>
                <step start="1585206967701" stop="1585206967701" status="passed">
                    <name>logStep[WOP Campaign Hierachy (M2_Trailer Test_2) MP Campaign Hierachy (M2_Trailer Test_2) Matched ]</name>
                    <title>WOP Campaign Hierachy (M2_Trailer Test_2) MP Campaign Hierachy (M2_Trailer Test_2) Matched </title>
                    <attachments/>
                    <steps/>
                </step>
            </steps>
            <attachments/>
            <labels>
                <label name="testSuite" value="Suite"/>
                <label name="testGroup" value="Testclasess"/>
                <label name="testClass" value="com.amc.Testclasess.execute.CampaignHierarchyValidations"/>
                <label name="testMethod" value="campaignHierarchycomparison"/>
                <label name="story" value="Campaign/MasterTrailer/Trailer"/>
                <label name="feature" value="Campaign Creation"/>
                <label name="host" value="MONO-HYD-LAP-44"/>
                <label name="thread" value="39648@MONO-HYD-LAP-44.main(1)"/>
            </labels>
        </test-case>
        <test-case start="1585206967702" stop="1585206996374" status="broken">
            <name>CampaignDataComparion</name>
            <title>CampaignDataComparion</title>
            <failure>
                <message>IndexOutOfBoundsException: Index: 1, Size: 1</message>
                <stack-trace>java.lang.IndexOutOfBoundsException: Index: 1, Size: 1
	at java.util.ArrayList.rangeCheck(ArrayList.java:657)
	at java.util.ArrayList.get(ArrayList.java:433)
	at com.amc.txrepo.WOPtoMP_CampaignDataValidation.campaignDatacomparison(WOPtoMP_CampaignDataValidation.java:56)
	at com.amc.Testclasess.execute.CampaignDataValidations.CampaignDataComparion(CampaignDataValidations.java:40)
	at sun.reflect.NativeMethodAccessorImpl.invoke0(Native Method)
	at sun.reflect.NativeMethodAccessorImpl.invoke(NativeMethodAccessorImpl.java:62)
	at sun.reflect.DelegatingMethodAccessorImpl.invoke(DelegatingMethodAccessorImpl.java:43)
	at java.lang.reflect.Method.invoke(Method.java:498)
	at org.testng.internal.MethodInvocationHelper.invokeMethod(MethodInvocationHelper.java:124)
	at org.testng.internal.Invoker.invokeMethod(Invoker.java:583)
	at org.testng.internal.Invoker.invokeTestMethod(Invoker.java:719)
	at org.testng.internal.Invoker.invokeTestMethods(Invoker.java:989)
	at org.testng.internal.TestMethodWorker.invokeTestMethods(TestMethodWorker.java:125)
	at org.testng.internal.TestMethodWorker.run(TestMethodWorker.java:109)
	at org.testng.TestRunner.privateRun(TestRunner.java:648)
	at org.testng.TestRunner.run(TestRunner.java:505)
	at org.testng.SuiteRunner.runTest(SuiteRunner.java:455)
	at org.testng.SuiteRunner.runSequentially(SuiteRunner.java:450)
	at org.testng.SuiteRunner.privateRun(SuiteRunner.java:415)
	at org.testng.SuiteRunner.run(SuiteRunner.java:364)
	at org.testng.SuiteRunnerWorker.runSuite(SuiteRunnerWorker.java:52)
	at org.testng.SuiteRunnerWorker.run(SuiteRunnerWorker.java:84)
	at org.testng.TestNG.runSuitesSequentially(TestNG.java:1208)
	at org.testng.TestNG.runSuitesLocally(TestNG.java:1137)
	at org.testng.TestNG.runSuites(TestNG.java:1049)
	at org.testng.TestNG.run(TestNG.java:1017)
	at com.amc.testcases.DynamicTestNG.runTestNGTest(DynamicTestNG.java:87)
	at com.amc.testcases.DynamicTestNG.ExecuteScripts(DynamicTestNG.java:97)
	at sun.reflect.NativeMethodAccessorImpl.invoke0(Native Method)
	at sun.reflect.NativeMethodAccessorImpl.invoke(NativeMethodAccessorImpl.java:62)
	at sun.reflect.DelegatingMethodAccessorImpl.invoke(DelegatingMethodAccessorImpl.java:43)
	at java.lang.reflect.Method.invoke(Method.java:498)
	at org.testng.internal.MethodInvocationHelper.invokeMethod(MethodInvocationHelper.java:124)
	at org.testng.internal.Invoker.invokeMethod(Invoker.java:583)
	at org.testng.internal.Invoker.invokeTestMethod(Invoker.java:719)
	at org.testng.internal.Invoker.invokeTestMethods(Invoker.java:989)
	at org.testng.internal.TestMethodWorker.invokeTestMethods(TestMethodWorker.java:125)
	at org.testng.internal.TestMethodWorker.run(TestMethodWorker.java:109)
	at org.testng.TestRunner.privateRun(TestRunner.java:648)
	at org.testng.TestRunner.run(TestRunner.java:505)
	at org.testng.SuiteRunner.runTest(SuiteRunner.java:455)
	at org.testng.SuiteRunner.runSequentially(SuiteRunner.java:450)
	at org.testng.SuiteRunner.privateRun(SuiteRunner.java:415)
	at org.testng.SuiteRunner.run(SuiteRunner.java:364)
	at org.testng.SuiteRunnerWorker.runSuite(SuiteRunnerWorker.java:52)
	at org.testng.SuiteRunnerWorker.run(SuiteRunnerWorker.java:84)
	at org.testng.TestNG.runSuitesSequentially(TestNG.java:1208)
	at org.testng.TestNG.runSuitesLocally(TestNG.java:1137)
	at org.testng.TestNG.runSuites(TestNG.java:1049)
	at org.testng.TestNG.run(TestNG.java:1017)
	at org.testng.remote.AbstractRemoteTestNG.run(AbstractRemoteTestNG.java:114)
	at org.testng.remote.RemoteTestNG.initAndRun(RemoteTestNG.java:251)
	at org.testng.remote.RemoteTestNG.main(RemoteTestNG.java:77)
</stack-trace>
            </failure>
            <steps/>
            <attachments/>
            <labels>
                <label name="testSuite" value="Suite"/>
                <label name="testGroup" value="Testclasess"/>
                <label name="testClass" value="com.amc.Testclasess.execute.CampaignDataValidations"/>
                <label name="testMethod" value="CampaignDataComparion"/>
                <label name="story" value="Campaign/MasterTrailer/Trailer"/>
                <label name="feature" value="Campaign Creation"/>
                <label name="host" value="MONO-HYD-LAP-44"/>
                <label name="thread" value="39648@MONO-HYD-LAP-44.main(1)"/>
            </labels>
        </test-case>
        <test-case start="1585206996376" stop="1585207008921" status="broken">
            <name>MasterTrailerComparion</name>
            <title>CampaignDataComparion</title>
            <failure>
                <message>FindFailed: D:/AMC Networks/Automation/CoreWorkStreamsTeam_B/Pictures/WopImages/M1Trailer1CategoryD.PNG: (260x31) seen at (27, 358) with 1.00 in S(0)[0,0 1366x768] E:Y, T:3.0</message>
                <stack-trace>FindFailed: D:/AMC Networks/Automation/CoreWorkStreamsTeam_B/Pictures/WopImages/M1Trailer1CategoryD.PNG: (260x31) seen at (27, 358) with 1.00 in S(0)[0,0 1366x768] E:Y, T:3.0
  Line 2782, in file Region.java

	at org.sikuli.script.Region.wait(Region.java:2782)
	at com.amc.txbase.TxBase.imagecopyText(TxBase.java:640)
	at com.amc.txrepo.WOP_MPMasterTrailerDataValidations.masterTrailer2DataSelection(WOP_MPMasterTrailerDataValidations.java:25)
	at com.amc.Testclasess.execute.MasterTrailerDataValidations.MasterTrailerComparion(MasterTrailerDataValidations.java:39)
	at sun.reflect.NativeMethodAccessorImpl.invoke0(Native Method)
	at sun.reflect.NativeMethodAccessorImpl.invoke(NativeMethodAccessorImpl.java:62)
	at sun.reflect.DelegatingMethodAccessorImpl.invoke(DelegatingMethodAccessorImpl.java:43)
	at java.lang.reflect.Method.invoke(Method.java:498)
	at org.testng.internal.MethodInvocationHelper.invokeMethod(MethodInvocationHelper.java:124)
	at org.testng.internal.Invoker.invokeMethod(Invoker.java:583)
	at org.testng.internal.Invoker.invokeTestMethod(Invoker.java:719)
	at org.testng.internal.Invoker.invokeTestMethods(Invoker.java:989)
	at org.testng.internal.TestMethodWorker.invokeTestMethods(TestMethodWorker.java:125)
	at org.testng.internal.TestMethodWorker.run(TestMethodWorker.java:109)
	at org.testng.TestRunner.privateRun(TestRunner.java:648)
	at org.testng.TestRunner.run(TestRunner.java:505)
	at org.testng.SuiteRunner.runTest(SuiteRunner.java:455)
	at org.testng.SuiteRunner.runSequentially(SuiteRunner.java:450)
	at org.testng.SuiteRunner.privateRun(SuiteRunner.java:415)
	at org.testng.SuiteRunner.run(SuiteRunner.java:364)
	at org.testng.SuiteRunnerWorker.runSuite(SuiteRunnerWorker.java:52)
	at org.testng.SuiteRunnerWorker.run(SuiteRunnerWorker.java:84)
	at org.testng.TestNG.runSuitesSequentially(TestNG.java:1208)
	at org.testng.TestNG.runSuitesLocally(TestNG.java:1137)
	at org.testng.TestNG.runSuites(TestNG.java:1049)
	at org.testng.TestNG.run(TestNG.java:1017)
	at com.amc.testcases.DynamicTestNG.runTestNGTest(DynamicTestNG.java:87)
	at com.amc.testcases.DynamicTestNG.ExecuteScripts(DynamicTestNG.java:97)
	at sun.reflect.NativeMethodAccessorImpl.invoke0(Native Method)
	at sun.reflect.NativeMethodAccessorImpl.invoke(NativeMethodAccessorImpl.java:62)
	at sun.reflect.DelegatingMethodAccessorImpl.invoke(DelegatingMethodAccessorImpl.java:43)
	at java.lang.reflect.Method.invoke(Method.java:498)
	at org.testng.internal.MethodInvocationHelper.invokeMethod(MethodInvocationHelper.java:124)
	at org.testng.internal.Invoker.invokeMethod(Invoker.java:583)
	at org.testng.internal.Invoker.invokeTestMethod(Invoker.java:719)
	at org.testng.internal.Invoker.invokeTestMethods(Invoker.java:989)
	at org.testng.internal.TestMethodWorker.invokeTestMethods(TestMethodWorker.java:125)
	at org.testng.internal.TestMethodWorker.run(TestMethodWorker.java:109)
	at org.testng.TestRunner.privateRun(TestRunner.java:648)
	at org.testng.TestRunner.run(TestRunner.java:505)
	at org.testng.SuiteRunner.runTest(SuiteRunner.java:455)
	at org.testng.SuiteRunner.runSequentially(SuiteRunner.java:450)
	at org.testng.SuiteRunner.privateRun(SuiteRunner.java:415)
	at org.testng.SuiteRunner.run(SuiteRunner.java:364)
	at org.testng.SuiteRunnerWorker.runSuite(SuiteRunnerWorker.java:52)
	at org.testng.SuiteRunnerWorker.run(SuiteRunnerWorker.java:84)
	at org.testng.TestNG.runSuitesSequentially(TestNG.java:1208)
	at org.testng.TestNG.runSuitesLocally(TestNG.java:1137)
	at org.testng.TestNG.runSuites(TestNG.java:1049)
	at org.testng.TestNG.run(TestNG.java:1017)
	at org.testng.remote.AbstractRemoteTestNG.run(AbstractRemoteTestNG.java:114)
	at org.testng.remote.RemoteTestNG.initAndRun(RemoteTestNG.java:251)
	at org.testng.remote.RemoteTestNG.main(RemoteTestNG.java:77)
</stack-trace>
            </failure>
            <steps/>
            <attachments/>
            <labels>
                <label name="testSuite" value="Suite"/>
                <label name="testGroup" value="Testclasess"/>
                <label name="testClass" value="com.amc.Testclasess.execute.MasterTrailerDataValidations"/>
                <label name="testMethod" value="MasterTrailerComparion"/>
                <label name="story" value="Campaign/MasterTrailer/Trailer"/>
                <label name="feature" value="Campaign Creation"/>
                <label name="host" value="MONO-HYD-LAP-44"/>
                <label name="thread" value="39648@MONO-HYD-LAP-44.main(1)"/>
            </labels>
        </test-case>
        <test-case start="1585207008923" stop="1585207069469" status="broken">
            <name>trailerDataComparison</name>
            <title>trailerDataComparison</title>
            <failure>
                <message>IndexOutOfBoundsException: Index: 1, Size: 1</message>
                <stack-trace>java.lang.IndexOutOfBoundsException: Index: 1, Size: 1
	at java.util.ArrayList.rangeCheck(ArrayList.java:657)
	at java.util.ArrayList.get(ArrayList.java:433)
	at com.amc.txrepo.WOP_MPTrailerDataValidations.TrailerDatacomparison(WOP_MPTrailerDataValidations.java:117)
	at com.amc.Testclasess.execute.TrailerDataValidations.trailerDataComparison(TrailerDataValidations.java:43)
	at sun.reflect.NativeMethodAccessorImpl.invoke0(Native Method)
	at sun.reflect.NativeMethodAccessorImpl.invoke(NativeMethodAccessorImpl.java:62)
	at sun.reflect.DelegatingMethodAccessorImpl.invoke(DelegatingMethodAccessorImpl.java:43)
	at java.lang.reflect.Method.invoke(Method.java:498)
	at org.testng.internal.MethodInvocationHelper.invokeMethod(MethodInvocationHelper.java:124)
	at org.testng.internal.Invoker.invokeMethod(Invoker.java:583)
	at org.testng.internal.Invoker.invokeTestMethod(Invoker.java:719)
	at org.testng.internal.Invoker.invokeTestMethods(Invoker.java:989)
	at org.testng.internal.TestMethodWorker.invokeTestMethods(TestMethodWorker.java:125)
	at org.testng.internal.TestMethodWorker.run(TestMethodWorker.java:109)
	at org.testng.TestRunner.privateRun(TestRunner.java:648)
	at org.testng.TestRunner.run(TestRunner.java:505)
	at org.testng.SuiteRunner.runTest(SuiteRunner.java:455)
	at org.testng.SuiteRunner.runSequentially(SuiteRunner.java:450)
	at org.testng.SuiteRunner.privateRun(SuiteRunner.java:415)
	at org.testng.SuiteRunner.run(SuiteRunner.java:364)
	at org.testng.SuiteRunnerWorker.runSuite(SuiteRunnerWorker.java:52)
	at org.testng.SuiteRunnerWorker.run(SuiteRunnerWorker.java:84)
	at org.testng.TestNG.runSuitesSequentially(TestNG.java:1208)
	at org.testng.TestNG.runSuitesLocally(TestNG.java:1137)
	at org.testng.TestNG.runSuites(TestNG.java:1049)
	at org.testng.TestNG.run(TestNG.java:1017)
	at com.amc.testcases.DynamicTestNG.runTestNGTest(DynamicTestNG.java:87)
	at com.amc.testcases.DynamicTestNG.ExecuteScripts(DynamicTestNG.java:97)
	at sun.reflect.NativeMethodAccessorImpl.invoke0(Native Method)
	at sun.reflect.NativeMethodAccessorImpl.invoke(NativeMethodAccessorImpl.java:62)
	at sun.reflect.DelegatingMethodAccessorImpl.invoke(DelegatingMethodAccessorImpl.java:43)
	at java.lang.reflect.Method.invoke(Method.java:498)
	at org.testng.internal.MethodInvocationHelper.invokeMethod(MethodInvocationHelper.java:124)
	at org.testng.internal.Invoker.invokeMethod(Invoker.java:583)
	at org.testng.internal.Invoker.invokeTestMethod(Invoker.java:719)
	at org.testng.internal.Invoker.invokeTestMethods(Invoker.java:989)
	at org.testng.internal.TestMethodWorker.invokeTestMethods(TestMethodWorker.java:125)
	at org.testng.internal.TestMethodWorker.run(TestMethodWorker.java:109)
	at org.testng.TestRunner.privateRun(TestRunner.java:648)
	at org.testng.TestRunner.run(TestRunner.java:505)
	at org.testng.SuiteRunner.runTest(SuiteRunner.java:455)
	at org.testng.SuiteRunner.runSequentially(SuiteRunner.java:450)
	at org.testng.SuiteRunner.privateRun(SuiteRunner.java:415)
	at org.testng.SuiteRunner.run(SuiteRunner.java:364)
	at org.testng.SuiteRunnerWorker.runSuite(SuiteRunnerWorker.java:52)
	at org.testng.SuiteRunnerWorker.run(SuiteRunnerWorker.java:84)
	at org.testng.TestNG.runSuitesSequentially(TestNG.java:1208)
	at org.testng.TestNG.runSuitesLocally(TestNG.java:1137)
	at org.testng.TestNG.runSuites(TestNG.java:1049)
	at org.testng.TestNG.run(TestNG.java:1017)
	at org.testng.remote.AbstractRemoteTestNG.run(AbstractRemoteTestNG.java:114)
	at org.testng.remote.RemoteTestNG.initAndRun(RemoteTestNG.java:251)
	at org.testng.remote.RemoteTestNG.main(RemoteTestNG.java:77)
</stack-trace>
            </failure>
            <steps>
                <step start="1585207069466" stop="1585207069466" status="passed">
                    <name>logStep[WOP Trailer Field (TrailerTag:[DAY] at [TIME]) MP M1_Trailer_1 Field (TrailerTag:[DAY] at [TIME]) Matched ]</name>
                    <title>WOP Trailer Field (TrailerTag:[DAY] at [TIME]) MP M1_Trailer_1 Field (TrailerTag:[DAY] at [TIME]) Matched </title>
                </step>
                <step start="1585207069467" stop="1585207069467" status="passed">
                    <name>logStep[WOP Trailer Field (TrailerTag:[DAY] at [TIME]) MP M2_Trailer_2 Field (TrailerTag:[DAY] at [TIME]) Matched ]</name>
                    <title>WOP Trailer Field (TrailerTag:[DAY] at [TIME]) MP M2_Trailer_2 Field (TrailerTag:[DAY] at [TIME]) Matched </title>
                </step>
                <step start="1585207069468" stop="1585207069468" status="passed">
                    <name>logStep[WOP Trailer Field (TrailerTag:[DAY] at [TIME]) MP M2_Trailer_1 Field (TrailerTag:[DAY] at [TIME]) Matched ]</name>
                    <title>WOP Trailer Field (TrailerTag:[DAY] at [TIME]) MP M2_Trailer_1 Field (TrailerTag:[DAY] at [TIME]) Matched </title>
                </step>
                <step start="1585207069469" stop="1585207069469" status="passed">
                    <name>logStep[WOP Trailer Field (TrailerTag:[DAY] at [TIME]) MP M2_Trailer_2 Field (TrailerTag:[DAY] at [TIME]) Matched ]</name>
                    <title>WOP Trailer Field (TrailerTag:[DAY] at [TIME]) MP M2_Trailer_2 Field (TrailerTag:[DAY] at [TIME]) Matched </title>
                </step>
            </steps>
            <attachments/>
            <labels>
                <label name="testSuite" value="Suite"/>
                <label name="testGroup" value="Testclasess"/>
                <label name="testClass" value="com.amc.Testclasess.execute.TrailerDataValidations"/>
                <label name="testMethod" value="trailerDataComparison"/>
                <label name="story" value="Campaign/MasterTrailer/Trailer"/>
                <label name="feature" value="Campaign Creation"/>
                <label name="host" value="MONO-HYD-LAP-44"/>
                <label name="thread" value="39648@MONO-HYD-LAP-44.main(1)"/>
            </labels>
        </test-case>
    </test-cases>
    <labels>
        <label name="framework" value="TestNG"/>
        <label name="language" value="JAVA"/>
    </labels>
</ns2:test-suite>
